This file contains any messages produced by compilers while
running configure, to aid debugging if configure makes a mistake.

It was created by configure, which was
generated by GNU Autoconf 2.69.  Invocation command line was

  $ ./configure CC=arm-linux-uclibceabi-gcc AR=arm-linux-uclibceabi-ar --host=arm-linux

## --------- ##
## Platform. ##
## --------- ##

hostname = server
uname -m = x86_64
uname -r = 3.13.0-74-generic
uname -s = Linux
uname -v = #118-Ubuntu SMP Thu Dec 17 22:52:10 UTC 2015

/usr/bin/uname -p = unknown
/bin/uname -X     = unknown

/bin/arch              = unknown
/usr/bin/arch -k       = unknown
/usr/convex/getsysinfo = unknown
/usr/bin/hostinfo      = unknown
/bin/machine           = unknown
/usr/bin/oslevel       = unknown
/bin/universe          = unknown

PATH: /bin
PATH: /opt/hisi-linux/x86-arm/arm-hisiv200-linux/target/bin
PATH: /home/teidor/cmake-3.1.0-rc3/bin
PATH: /usr/local/sbin
PATH: /usr/local/bin
PATH: /usr/sbin
PATH: /usr/bin
PATH: /sbin
PATH: /bin
PATH: /usr/games
PATH: /usr/local/games
PATH: /opt/toolchains/hndtools-mipsel-linux-uclibc-4.2.3/bin
PATH: /opt/toolchains/crosstools-arm-gcc-4.6-linux-3.4-uclibc-0.9.32-binutils-2.21/usr/bin
PATH: /opt/toolchains/crosstools-mips-gcc-4.6-linux-3.4-uclibc-0.9.32-binutils-2.21/usr/bin
PATH: /opt/RTOS/V100R005C00/armA9le_3.10_ek_micro/gnu/bin


## ----------- ##
## Core tests. ##
## ----------- ##

configure:2401: checking for arm-linux-gcc
configure:2428: result: arm-linux-uclibceabi-gcc
configure:2697: checking for C compiler version
configure:2706: arm-linux-uclibceabi-gcc --version >&5
arm-linux-uclibceabi-gcc (SDK V100R005C00SPC030B050) 4.7.1
Copyright (C) 2012 Free Software Foundation, Inc.
This is free software; see the source for copying conditions.  There is NO
warranty; not even for MERCHANTABILITY or FITNESS FOR A PARTICULAR PURPOSE.

configure:2717: $? = 0
configure:2706: arm-linux-uclibceabi-gcc -v >&5
Using built-in specs.
COLLECT_GCC=arm-linux-uclibceabi-gcc
COLLECT_LTO_WRAPPER=/opt/RTOS/V100R005C00/armA9le_3.10_ek_micro/gnu/bin/../libexec/gcc/arm-linux-uclibceabi/4.7.1/lto-wrapper
Target: arm-linux-uclibceabi
Configured with: /usr1/code/CODE_SDKV1R5C00/code/current/V1R5/build/script/cpu_hcc_maintain/arm-linux-uclibc/arm_uclibc_build_dir/src/gcc-4.7.1/configure --build=i586-suse-linux --host=i586-suse-linux --target=arm-linux-uclibceabi --enable-multilib --with-arch=armv7-a --with-gnu-as --with-gnu-ld --enable-__cxa_atexit --disable-nls --prefix=/usr1/code/CODE_SDKV1R5C00/code/current/V1R5/build/script/cpu_hcc_maintain/arm-linux-uclibc/arm_uclibc_build_dir/install --enable-shared --enable-threads --disable-libquadmath --disable-fixed-point --disable-libssp --disable-libmudflap --disable-libgomp --enable-poison-system-directories --enable-symvers=gnu --enable-languages=c,c++ --with-specs='%{funwind-tables|fno-unwind-tables|mabi=*|ffreestanding|nostdlib:;:-funwind-tables}' --with-pkgversion='SDK V100R005C00SPC030B050' --with-sysroot=/usr1/code/CODE_SDKV1R5C00/code/current/V1R5/build/script/cpu_hcc_maintain/arm-linux-uclibc/arm_uclibc_build_dir/install/arm-linux-uclibceabi/libc --with-build-sysroot=/usr1/code/CODE_SDKV1R5C00/code/current/V1R5/build/script/cpu_hcc_maintain/arm-linux-uclibc/arm_uclibc_build_dir/install/arm-linux-uclibceabi/libc --with-gmp=/usr1/code/CODE_SDKV1R5C00/code/current/V1R5/build/script/cpu_hcc_maintain/arm-linux-uclibc/arm_uclibc_build_dir/obj/host-libs/usr --with-mpfr=/usr1/code/CODE_SDKV1R5C00/code/current/V1R5/build/script/cpu_hcc_maintain/arm-linux-uclibc/arm_uclibc_build_dir/obj/host-libs/usr --with-mpc=/usr1/code/CODE_SDKV1R5C00/code/current/V1R5/build/script/cpu_hcc_maintain/arm-linux-uclibc/arm_uclibc_build_dir/obj/host-libs/usr --with-build-time-tools=/usr1/code/CODE_SDKV1R5C00/code/current/V1R5/build/script/cpu_hcc_maintain/arm-linux-uclibc/arm_uclibc_build_dir/install/arm-linux-uclibceabi/bin
Thread model: posix
gcc version 4.7.1 (SDK V100R005C00SPC030B050) 
configure:2717: $? = 0
configure:2706: arm-linux-uclibceabi-gcc -V >&5
arm-linux-uclibceabi-gcc: error: unrecognized command line option '-V'
arm-linux-uclibceabi-gcc: fatal error: no input files
compilation terminated.
configure:2717: $? = 1
configure:2706: arm-linux-uclibceabi-gcc -qversion >&5
arm-linux-uclibceabi-gcc: error: unrecognized command line option '-qversion'
arm-linux-uclibceabi-gcc: fatal error: no input files
compilation terminated.
configure:2717: $? = 1
configure:2737: checking whether the C compiler works
configure:2759: arm-linux-uclibceabi-gcc    conftest.c  >&5
configure:2763: $? = 0
configure:2811: result: yes
configure:2814: checking for C compiler default output file name
configure:2816: result: a.out
configure:2822: checking for suffix of executables
configure:2829: arm-linux-uclibceabi-gcc -o conftest    conftest.c  >&5
configure:2833: $? = 0
configure:2855: result: 
configure:2877: checking whether we are cross compiling
configure:2885: arm-linux-uclibceabi-gcc -o conftest    conftest.c  >&5
configure:2889: $? = 0
configure:2896: ./conftest
./configure: line 2898: ./conftest: cannot execute binary file: Exec format error
configure:2900: $? = 126
configure:2915: result: yes
configure:2920: checking for suffix of object files
configure:2942: arm-linux-uclibceabi-gcc -c   conftest.c >&5
configure:2946: $? = 0
configure:2967: result: o
configure:2971: checking whether we are using the GNU C compiler
configure:2990: arm-linux-uclibceabi-gcc -c   conftest.c >&5
configure:2990: $? = 0
configure:2999: result: yes
configure:3008: checking whether arm-linux-uclibceabi-gcc accepts -g
configure:3028: arm-linux-uclibceabi-gcc -c -g  conftest.c >&5
configure:3028: $? = 0
configure:3069: result: yes
configure:3086: checking for arm-linux-uclibceabi-gcc option to accept ISO C89
configure:3149: arm-linux-uclibceabi-gcc  -c -g -O2  conftest.c >&5
configure:3149: $? = 0
configure:3162: result: none needed
configure:3190: checking whether arm-linux-uclibceabi-gcc understands -c and -o together
configure:3212: arm-linux-uclibceabi-gcc -c conftest.c -o conftest2.o
configure:3215: $? = 0
configure:3212: arm-linux-uclibceabi-gcc -c conftest.c -o conftest2.o
configure:3215: $? = 0
configure:3227: result: yes
configure:3258: checking for arm-linux-g++
configure:3274: found /opt/toolchains/crosstools-arm-gcc-4.6-linux-3.4-uclibc-0.9.32-binutils-2.21/usr/bin/arm-linux-g++
configure:3285: result: arm-linux-g++
configure:3356: checking for C++ compiler version
configure:3365: arm-linux-g++ --version >&5
arm-linux-g++ (Buildroot 2011.11) 4.6.2
Copyright (C) 2011 Free Software Foundation, Inc.
This is free software; see the source for copying conditions.  There is NO
warranty; not even for MERCHANTABILITY or FITNESS FOR A PARTICULAR PURPOSE.

configure:3376: $? = 0
configure:3365: arm-linux-g++ -v >&5
Using built-in specs.
COLLECT_GCC=arm-linux-g++
COLLECT_LTO_WRAPPER=/opt/toolchains/crosstools-arm-gcc-4.6-linux-3.4-uclibc-0.9.32-binutils-2.21/usr/libexec/gcc/arm-unknown-linux-uclibcgnueabi/4.6.2/lto-wrapper
Target: arm-unknown-linux-uclibcgnueabi
Configured with: /home/dslsqa/rel0.6/crosstools-gcc-4.6-linux-3.4-uclibc-0.9.32-binutils-2.21/src/buildroot-2011.11/output/toolchain/gcc-4.6.2/configure --prefix=/opt/toolchains/crosstools-arm-gcc-4.6-linux-3.4-uclibc-0.9.32-binutils-2.21/usr --build=i686-pc-linux-gnu --host=i686-pc-linux-gnu --target=arm-unknown-linux-uclibcgnueabi --enable-languages=c,c++ --with-sysroot=/opt/toolchains/crosstools-arm-gcc-4.6-linux-3.4-uclibc-0.9.32-binutils-2.21/usr/arm-unknown-linux-uclibcgnueabi/sysroot --with-build-time-tools=/opt/toolchains/crosstools-arm-gcc-4.6-linux-3.4-uclibc-0.9.32-binutils-2.21/usr/arm-unknown-linux-uclibcgnueabi/bin --disable-__cxa_atexit --enable-target-optspace --disable-libgomp --with-gnu-ld --disable-libssp --disable-multilib --disable-tls --enable-shared --with-gmp=/opt/toolchains/crosstools-arm-gcc-4.6-linux-3.4-uclibc-0.9.32-binutils-2.21/usr --with-mpfr=/opt/toolchains/crosstools-arm-gcc-4.6-linux-3.4-uclibc-0.9.32-binutils-2.21/usr --with-mpc=/opt/toolchains/crosstools-arm-gcc-4.6-linux-3.4-uclibc-0.9.32-binutils-2.21/usr --enable-threads --disable-decimal-float --with-float=soft --with-abi=aapcs-linux --with-arch=armv7-a --with-tune=cortex-a9 --with-pkgversion='Buildroot 2011.11' --with-bugurl=http://bugs.buildroot.net/
Thread model: posix
gcc version 4.6.2 (Buildroot 2011.11) 
configure:3376: $? = 0
configure:3365: arm-linux-g++ -V >&5
arm-linux-g++: error: unrecognized option '-V'
arm-linux-g++: fatal error: no input files
compilation terminated.
configure:3376: $? = 1
configure:3365: arm-linux-g++ -qversion >&5
arm-linux-g++: error: unrecognized option '-qversion'
arm-linux-g++: fatal error: no input files
compilation terminated.
configure:3376: $? = 1
configure:3380: checking whether we are using the GNU C++ compiler
configure:3399: arm-linux-g++ -c   conftest.cpp >&5
configure:3399: $? = 0
configure:3408: result: yes
configure:3417: checking whether arm-linux-g++ accepts -g
configure:3437: arm-linux-g++ -c -g  conftest.cpp >&5
configure:3437: $? = 0
configure:3478: result: yes
configure:3531: checking for a BSD-compatible install
configure:3599: result: /usr/bin/install -c
configure:3610: checking whether build environment is sane
configure:3665: result: yes
configure:3721: checking for arm-linux-strip
configure:3737: found /opt/toolchains/crosstools-arm-gcc-4.6-linux-3.4-uclibc-0.9.32-binutils-2.21/usr/bin/arm-linux-strip
configure:3748: result: arm-linux-strip
configure:3813: checking for a thread-safe mkdir -p
configure:3852: result: /bin/mkdir -p
configure:3859: checking for gawk
configure:3875: found /usr/bin/gawk
configure:3886: result: gawk
configure:3897: checking whether make sets $(MAKE)
configure:3919: result: yes
configure:3949: checking for style of include used by make
configure:3977: result: GNU
configure:4011: checking whether make supports nested variables
configure:4028: result: yes
configure:4114: checking dependency style of arm-linux-uclibceabi-gcc
configure:4225: result: gcc3
configure:4242: checking dependency style of arm-linux-g++
configure:4353: result: gcc3
configure:4413: checking whether to enable maintainer-specific portions of Makefiles
configure:4422: result: no
configure:4471: checking build system type
configure:4485: result: x86_64-unknown-linux-uclibc
configure:4505: checking host system type
configure:4518: result: arm-unknown-linux-gnu
configure:4559: checking how to print strings
configure:4586: result: printf
configure:4607: checking for a sed that does not truncate output
configure:4671: result: /bin/sed
configure:4689: checking for grep that handles long lines and -e
configure:4747: result: /bin/grep
configure:4752: checking for egrep
configure:4814: result: /bin/grep -E
configure:4819: checking for fgrep
configure:4881: result: /bin/grep -F
configure:4916: checking for ld used by arm-linux-uclibceabi-gcc
configure:4983: result: /opt/RTOS/V100R005C00/armA9le_3.10_ek_micro/gnu/arm-linux-uclibceabi/bin/ld
configure:4990: checking if the linker (/opt/RTOS/V100R005C00/armA9le_3.10_ek_micro/gnu/arm-linux-uclibceabi/bin/ld) is GNU ld
configure:5005: result: yes
configure:5017: checking for BSD- or MS-compatible name lister (nm)
configure:5066: result: /opt/toolchains/crosstools-arm-gcc-4.6-linux-3.4-uclibc-0.9.32-binutils-2.21/usr/bin/arm-linux-nm -B
configure:5196: checking the name lister (/opt/toolchains/crosstools-arm-gcc-4.6-linux-3.4-uclibc-0.9.32-binutils-2.21/usr/bin/arm-linux-nm -B) interface
configure:5203: arm-linux-uclibceabi-gcc -c -g -O2  conftest.c >&5
configure:5206: /opt/toolchains/crosstools-arm-gcc-4.6-linux-3.4-uclibc-0.9.32-binutils-2.21/usr/bin/arm-linux-nm -B "conftest.o"
configure:5209: output
00000000 B some_variable
configure:5216: result: BSD nm
configure:5219: checking whether ln -s works
configure:5223: result: yes
configure:5231: checking the maximum length of command line arguments
configure:5362: result: 1572864
configure:5379: checking whether the shell understands some XSI constructs
configure:5389: result: yes
configure:5393: checking whether the shell understands "+="
configure:5399: result: yes
configure:5434: checking how to convert x86_64-unknown-linux-uclibc file names to arm-unknown-linux-gnu format
configure:5474: result: func_convert_file_noop
configure:5481: checking how to convert x86_64-unknown-linux-uclibc file names to toolchain format
configure:5501: result: func_convert_file_noop
configure:5508: checking for /opt/RTOS/V100R005C00/armA9le_3.10_ek_micro/gnu/arm-linux-uclibceabi/bin/ld option to reload object files
configure:5515: result: -r
configure:5549: checking for arm-linux-objdump
configure:5565: found /opt/toolchains/crosstools-arm-gcc-4.6-linux-3.4-uclibc-0.9.32-binutils-2.21/usr/bin/arm-linux-objdump
configure:5576: result: arm-linux-objdump
configure:5648: checking how to recognize dependent libraries
configure:5846: result: pass_all
configure:5891: checking for arm-linux-dlltool
configure:5921: result: no
configure:5931: checking for dlltool
configure:5961: result: no
configure:5991: checking how to associate runtime and link libraries
configure:6018: result: printf %s\n
configure:6035: checking for arm-linux-ar
configure:6062: result: arm-linux-uclibceabi-ar
configure:6143: checking for archiver @FILE support
configure:6160: arm-linux-uclibceabi-gcc -c -g -O2  conftest.c >&5
configure:6160: $? = 0
configure:6163: arm-linux-uclibceabi-ar cru libconftest.a @conftest.lst >&5
configure:6166: $? = 0
configure:6171: arm-linux-uclibceabi-ar cru libconftest.a @conftest.lst >&5
arm-linux-uclibceabi-ar: conftest.o: No such file or directory
configure:6174: $? = 1
configure:6186: result: @
configure:6204: checking for arm-linux-strip
configure:6231: result: arm-linux-strip
configure:6303: checking for arm-linux-ranlib
configure:6319: found /opt/toolchains/crosstools-arm-gcc-4.6-linux-3.4-uclibc-0.9.32-binutils-2.21/usr/bin/arm-linux-ranlib
configure:6330: result: arm-linux-ranlib
configure:6472: checking command to parse /opt/toolchains/crosstools-arm-gcc-4.6-linux-3.4-uclibc-0.9.32-binutils-2.21/usr/bin/arm-linux-nm -B output from arm-linux-uclibceabi-gcc object
configure:6592: arm-linux-uclibceabi-gcc -c -g -O2  conftest.c >&5
configure:6595: $? = 0
configure:6599: /opt/toolchains/crosstools-arm-gcc-4.6-linux-3.4-uclibc-0.9.32-binutils-2.21/usr/bin/arm-linux-nm -B conftest.o \| sed -n -e 's/^.*[ ]\([ABCDGIRSTW][ABCDGIRSTW]*\)[ ][ ]*\([_A-Za-z][_A-Za-z0-9]*\)$/\1 \2 \2/p' | sed '/ __gnu_lto/d' \> conftest.nm
configure:6602: $? = 0
configure:6668: arm-linux-uclibceabi-gcc -o conftest -g -O2   conftest.c conftstm.o >&5
configure:6671: $? = 0
configure:6709: result: ok
configure:6746: checking for sysroot
configure:6776: result: no
configure:7005: checking for arm-linux-mt
configure:7035: result: no
configure:7045: checking for mt
configure:7061: found /bin/mt
configure:7072: result: mt
configure:7084: WARNING: using cross tools not prefixed with host triplet
configure:7095: checking if mt is a manifest tool
configure:7101: mt '-?'
configure:7109: result: no
configure:7751: checking how to run the C preprocessor
configure:7782: arm-linux-uclibceabi-gcc -E  conftest.c
configure:7782: $? = 0
configure:7796: arm-linux-uclibceabi-gcc -E  conftest.c
conftest.c:11:28: fatal error: ac_nonexistent.h: No such file or directory
compilation terminated.
configure:7796: $? = 1
configure: failed program was:
| /* confdefs.h */
| #define PACKAGE_NAME ""
| #define PACKAGE_TARNAME ""
| #define PACKAGE_VERSION ""
| #define PACKAGE_STRING ""
| #define PACKAGE_BUGREPORT ""
| #define PACKAGE_URL ""
| #define PACKAGE "wifidog"
| #define VERSION "1.3.0"
| /* end confdefs.h.  */
| #include <ac_nonexistent.h>
configure:7821: result: arm-linux-uclibceabi-gcc -E
configure:7841: arm-linux-uclibceabi-gcc -E  conftest.c
configure:7841: $? = 0
configure:7855: arm-linux-uclibceabi-gcc -E  conftest.c
conftest.c:11:28: fatal error: ac_nonexistent.h: No such file or directory
compilation terminated.
configure:7855: $? = 1
configure: failed program was:
| /* confdefs.h */
| #define PACKAGE_NAME ""
| #define PACKAGE_TARNAME ""
| #define PACKAGE_VERSION ""
| #define PACKAGE_STRING ""
| #define PACKAGE_BUGREPORT ""
| #define PACKAGE_URL ""
| #define PACKAGE "wifidog"
| #define VERSION "1.3.0"
| /* end confdefs.h.  */
| #include <ac_nonexistent.h>
configure:7884: checking for ANSI C header files
configure:7904: arm-linux-uclibceabi-gcc -c -g -O2  conftest.c >&5
configure:7904: $? = 0
configure:7988: result: yes
configure:8001: checking for sys/types.h
configure:8001: arm-linux-uclibceabi-gcc -c -g -O2  conftest.c >&5
configure:8001: $? = 0
configure:8001: result: yes
configure:8001: checking for sys/stat.h
configure:8001: arm-linux-uclibceabi-gcc -c -g -O2  conftest.c >&5
configure:8001: $? = 0
configure:8001: result: yes
configure:8001: checking for stdlib.h
configure:8001: arm-linux-uclibceabi-gcc -c -g -O2  conftest.c >&5
configure:8001: $? = 0
configure:8001: result: yes
configure:8001: checking for string.h
configure:8001: arm-linux-uclibceabi-gcc -c -g -O2  conftest.c >&5
configure:8001: $? = 0
configure:8001: result: yes
configure:8001: checking for memory.h
configure:8001: arm-linux-uclibceabi-gcc -c -g -O2  conftest.c >&5
configure:8001: $? = 0
configure:8001: result: yes
configure:8001: checking for strings.h
configure:8001: arm-linux-uclibceabi-gcc -c -g -O2  conftest.c >&5
configure:8001: $? = 0
configure:8001: result: yes
configure:8001: checking for inttypes.h
configure:8001: arm-linux-uclibceabi-gcc -c -g -O2  conftest.c >&5
configure:8001: $? = 0
configure:8001: result: yes
configure:8001: checking for stdint.h
configure:8001: arm-linux-uclibceabi-gcc -c -g -O2  conftest.c >&5
configure:8001: $? = 0
configure:8001: result: yes
configure:8001: checking for unistd.h
configure:8001: arm-linux-uclibceabi-gcc -c -g -O2  conftest.c >&5
configure:8001: $? = 0
configure:8001: result: yes
configure:8015: checking for dlfcn.h
configure:8015: arm-linux-uclibceabi-gcc -c -g -O2  conftest.c >&5
configure:8015: $? = 0
configure:8015: result: yes
configure:8230: checking for objdir
configure:8245: result: .libs
configure:8512: checking if arm-linux-uclibceabi-gcc supports -fno-rtti -fno-exceptions
configure:8530: arm-linux-uclibceabi-gcc -c -g -O2  -fno-rtti -fno-exceptions conftest.c >&5
cc1: warning: command line option '-fno-rtti' is valid for C++/ObjC++ but not for C [enabled by default]
configure:8534: $? = 0
configure:8547: result: no
configure:8874: checking for arm-linux-uclibceabi-gcc option to produce PIC
configure:8881: result: -fPIC -DPIC
configure:8889: checking if arm-linux-uclibceabi-gcc PIC flag -fPIC -DPIC works
configure:8907: arm-linux-uclibceabi-gcc -c -g -O2  -fPIC -DPIC -DPIC conftest.c >&5
configure:8911: $? = 0
configure:8924: result: yes
configure:8953: checking if arm-linux-uclibceabi-gcc static flag -static works
configure:8981: result: no
configure:8996: checking if arm-linux-uclibceabi-gcc supports -c -o file.o
configure:9017: arm-linux-uclibceabi-gcc -c -g -O2  -o out/conftest2.o conftest.c >&5
configure:9021: $? = 0
configure:9043: result: yes
configure:9051: checking if arm-linux-uclibceabi-gcc supports -c -o file.o
configure:9098: result: yes
configure:9131: checking whether the arm-linux-uclibceabi-gcc linker (/opt/RTOS/V100R005C00/armA9le_3.10_ek_micro/gnu/arm-linux-uclibceabi/bin/ld) supports shared libraries
configure:10288: result: yes
configure:10325: checking whether -lc should be explicitly linked in
configure:10333: arm-linux-uclibceabi-gcc -c -g -O2  conftest.c >&5
configure:10336: $? = 0
configure:10351: arm-linux-uclibceabi-gcc -shared  -fPIC -DPIC conftest.o  -v -Wl,-soname -Wl,conftest -o conftest 2\>\&1 \| /bin/grep  -lc  \>/dev/null 2\>\&1
configure:10354: $? = 0
configure:10368: result: no
configure:10528: checking dynamic linker characteristics
configure:11028: arm-linux-uclibceabi-gcc -o conftest -g -O2   -Wl,-rpath -Wl,/foo conftest.c  >&5
configure:11028: $? = 0
configure:11262: result: GNU/Linux ld.so
configure:11369: checking how to hardcode library paths into programs
configure:11394: result: immediate
configure:11488: checking for shl_load
configure:11488: arm-linux-uclibceabi-gcc -o conftest -g -O2   conftest.c  >&5
/tmp/ccAzaE0F.o: In function `main':
/home/yangshaokun/work/wifidog-gateway-huawei/conftest.c:57: undefined reference to `shl_load'
collect2: error: ld returned 1 exit status
configure:11488: $? = 1
configure: failed program was:
| /* confdefs.h */
| #define PACKAGE_NAME ""
| #define PACKAGE_TARNAME ""
| #define PACKAGE_VERSION ""
| #define PACKAGE_STRING ""
| #define PACKAGE_BUGREPORT ""
| #define PACKAGE_URL ""
| #define PACKAGE "wifidog"
| #define VERSION "1.3.0"
| #define STDC_HEADERS 1
| #define HAVE_SYS_TYPES_H 1
| #define HAVE_SYS_STAT_H 1
| #define HAVE_STDLIB_H 1
| #define HAVE_STRING_H 1
| #define HAVE_MEMORY_H 1
| #define HAVE_STRINGS_H 1
| #define HAVE_INTTYPES_H 1
| #define HAVE_STDINT_H 1
| #define HAVE_UNISTD_H 1
| #define HAVE_DLFCN_H 1
| #define LT_OBJDIR ".libs/"
| /* end confdefs.h.  */
| /* Define shl_load to an innocuous variant, in case <limits.h> declares shl_load.
|    For example, HP-UX 11i <limits.h> declares gettimeofday.  */
| #define shl_load innocuous_shl_load
| 
| /* System header to define __stub macros and hopefully few prototypes,
|     which can conflict with char shl_load (); below.
|     Prefer <limits.h> to <assert.h> if __STDC__ is defined, since
|     <limits.h> exists even on freestanding compilers.  */
| 
| #ifdef __STDC__
| # include <limits.h>
| #else
| # include <assert.h>
| #endif
| 
| #undef shl_load
| 
| /* Override any GCC internal prototype to avoid an error.
|    Use char because int might match the return type of a GCC
|    builtin and then its argument prototype would still apply.  */
| #ifdef __cplusplus
| extern "C"
| #endif
| char shl_load ();
| /* The GNU C library defines this for functions which it implements
|     to always fail with ENOSYS.  Some functions are actually named
|     something starting with __ and the normal name is an alias.  */
| #if defined __stub_shl_load || defined __stub___shl_load
| choke me
| #endif
| 
| int
| main ()
| {
| return shl_load ();
|   ;
|   return 0;
| }
configure:11488: result: no
configure:11492: checking for shl_load in -ldld
configure:11517: arm-linux-uclibceabi-gcc -o conftest -g -O2   conftest.c -ldld   >&5
/opt/RTOS/V100R005C00/armA9le_3.10_ek_micro/gnu/bin/../lib/gcc/arm-linux-uclibceabi/4.7.1/../../../../arm-linux-uclibceabi/bin/ld: cannot find -ldld
collect2: error: ld returned 1 exit status
configure:11517: $? = 1
configure: failed program was:
| /* confdefs.h */
| #define PACKAGE_NAME ""
| #define PACKAGE_TARNAME ""
| #define PACKAGE_VERSION ""
| #define PACKAGE_STRING ""
| #define PACKAGE_BUGREPORT ""
| #define PACKAGE_URL ""
| #define PACKAGE "wifidog"
| #define VERSION "1.3.0"
| #define STDC_HEADERS 1
| #define HAVE_SYS_TYPES_H 1
| #define HAVE_SYS_STAT_H 1
| #define HAVE_STDLIB_H 1
| #define HAVE_STRING_H 1
| #define HAVE_MEMORY_H 1
| #define HAVE_STRINGS_H 1
| #define HAVE_INTTYPES_H 1
| #define HAVE_STDINT_H 1
| #define HAVE_UNISTD_H 1
| #define HAVE_DLFCN_H 1
| #define LT_OBJDIR ".libs/"
| /* end confdefs.h.  */
| 
| /* Override any GCC internal prototype to avoid an error.
|    Use char because int might match the return type of a GCC
|    builtin and then its argument prototype would still apply.  */
| #ifdef __cplusplus
| extern "C"
| #endif
| char shl_load ();
| int
| main ()
| {
| return shl_load ();
|   ;
|   return 0;
| }
configure:11526: result: no
configure:11531: checking for dlopen
configure:11531: arm-linux-uclibceabi-gcc -o conftest -g -O2   conftest.c  >&5
/tmp/ccIfes4L.o: In function `main':
/home/yangshaokun/work/wifidog-gateway-huawei/conftest.c:57: undefined reference to `dlopen'
collect2: error: ld returned 1 exit status
configure:11531: $? = 1
configure: failed program was:
| /* confdefs.h */
| #define PACKAGE_NAME ""
| #define PACKAGE_TARNAME ""
| #define PACKAGE_VERSION ""
| #define PACKAGE_STRING ""
| #define PACKAGE_BUGREPORT ""
| #define PACKAGE_URL ""
| #define PACKAGE "wifidog"
| #define VERSION "1.3.0"
| #define STDC_HEADERS 1
| #define HAVE_SYS_TYPES_H 1
| #define HAVE_SYS_STAT_H 1
| #define HAVE_STDLIB_H 1
| #define HAVE_STRING_H 1
| #define HAVE_MEMORY_H 1
| #define HAVE_STRINGS_H 1
| #define HAVE_INTTYPES_H 1
| #define HAVE_STDINT_H 1
| #define HAVE_UNISTD_H 1
| #define HAVE_DLFCN_H 1
| #define LT_OBJDIR ".libs/"
| /* end confdefs.h.  */
| /* Define dlopen to an innocuous variant, in case <limits.h> declares dlopen.
|    For example, HP-UX 11i <limits.h> declares gettimeofday.  */
| #define dlopen innocuous_dlopen
| 
| /* System header to define __stub macros and hopefully few prototypes,
|     which can conflict with char dlopen (); below.
|     Prefer <limits.h> to <assert.h> if __STDC__ is defined, since
|     <limits.h> exists even on freestanding compilers.  */
| 
| #ifdef __STDC__
| # include <limits.h>
| #else
| # include <assert.h>
| #endif
| 
| #undef dlopen
| 
| /* Override any GCC internal prototype to avoid an error.
|    Use char because int might match the return type of a GCC
|    builtin and then its argument prototype would still apply.  */
| #ifdef __cplusplus
| extern "C"
| #endif
| char dlopen ();
| /* The GNU C library defines this for functions which it implements
|     to always fail with ENOSYS.  Some functions are actually named
|     something starting with __ and the normal name is an alias.  */
| #if defined __stub_dlopen || defined __stub___dlopen
| choke me
| #endif
| 
| int
| main ()
| {
| return dlopen ();
|   ;
|   return 0;
| }
configure:11531: result: no
configure:11535: checking for dlopen in -ldl
configure:11560: arm-linux-uclibceabi-gcc -o conftest -g -O2   conftest.c -ldl   >&5
configure:11560: $? = 0
configure:11569: result: yes
configure:11688: checking whether a program can dlopen itself
configure:11789: result: cross
configure:11934: checking whether stripping libraries is possible
configure:11939: result: yes
configure:11974: checking if libtool supports shared libraries
configure:11976: result: yes
configure:11979: checking whether to build shared libraries
configure:12000: result: yes
configure:12003: checking whether to build static libraries
configure:12007: result: yes
configure:12030: checking how to run the C++ preprocessor
configure:12057: arm-linux-g++ -E  conftest.cpp
configure:12057: $? = 0
configure:12071: arm-linux-g++ -E  conftest.cpp
conftest.cpp:23:28: fatal error: ac_nonexistent.h: No such file or directory
compilation terminated.
configure:12071: $? = 1
configure: failed program was:
| /* confdefs.h */
| #define PACKAGE_NAME ""
| #define PACKAGE_TARNAME ""
| #define PACKAGE_VERSION ""
| #define PACKAGE_STRING ""
| #define PACKAGE_BUGREPORT ""
| #define PACKAGE_URL ""
| #define PACKAGE "wifidog"
| #define VERSION "1.3.0"
| #define STDC_HEADERS 1
| #define HAVE_SYS_TYPES_H 1
| #define HAVE_SYS_STAT_H 1
| #define HAVE_STDLIB_H 1
| #define HAVE_STRING_H 1
| #define HAVE_MEMORY_H 1
| #define HAVE_STRINGS_H 1
| #define HAVE_INTTYPES_H 1
| #define HAVE_STDINT_H 1
| #define HAVE_UNISTD_H 1
| #define HAVE_DLFCN_H 1
| #define LT_OBJDIR ".libs/"
| /* end confdefs.h.  */
| #include <ac_nonexistent.h>
configure:12096: result: arm-linux-g++ -E
configure:12116: arm-linux-g++ -E  conftest.cpp
configure:12116: $? = 0
configure:12130: arm-linux-g++ -E  conftest.cpp
conftest.cpp:23:28: fatal error: ac_nonexistent.h: No such file or directory
compilation terminated.
configure:12130: $? = 1
configure: failed program was:
| /* confdefs.h */
| #define PACKAGE_NAME ""
| #define PACKAGE_TARNAME ""
| #define PACKAGE_VERSION ""
| #define PACKAGE_STRING ""
| #define PACKAGE_BUGREPORT ""
| #define PACKAGE_URL ""
| #define PACKAGE "wifidog"
| #define VERSION "1.3.0"
| #define STDC_HEADERS 1
| #define HAVE_SYS_TYPES_H 1
| #define HAVE_SYS_STAT_H 1
| #define HAVE_STDLIB_H 1
| #define HAVE_STRING_H 1
| #define HAVE_MEMORY_H 1
| #define HAVE_STRINGS_H 1
| #define HAVE_INTTYPES_H 1
| #define HAVE_STDINT_H 1
| #define HAVE_UNISTD_H 1
| #define HAVE_DLFCN_H 1
| #define LT_OBJDIR ".libs/"
| /* end confdefs.h.  */
| #include <ac_nonexistent.h>
configure:12299: checking for ld used by arm-linux-g++
configure:12366: result: /opt/RTOS/V100R005C00/armA9le_3.10_ek_micro/gnu/arm-linux-uclibceabi/bin/ld
configure:12373: checking if the linker (/opt/RTOS/V100R005C00/armA9le_3.10_ek_micro/gnu/arm-linux-uclibceabi/bin/ld) is GNU ld
configure:12388: result: yes
configure:12443: checking whether the arm-linux-g++ linker (/opt/RTOS/V100R005C00/armA9le_3.10_ek_micro/gnu/arm-linux-uclibceabi/bin/ld) supports shared libraries
configure:13445: result: yes
configure:13481: arm-linux-g++ -c -g -O2  conftest.cpp >&5
configure:13484: $? = 0
configure:14004: checking for arm-linux-g++ option to produce PIC
configure:14011: result: -fPIC -DPIC
configure:14019: checking if arm-linux-g++ PIC flag -fPIC -DPIC works
configure:14037: arm-linux-g++ -c -g -O2  -fPIC -DPIC -DPIC conftest.cpp >&5
configure:14041: $? = 0
configure:14054: result: yes
configure:14077: checking if arm-linux-g++ static flag -static works
configure:14105: result: yes
configure:14117: checking if arm-linux-g++ supports -c -o file.o
configure:14138: arm-linux-g++ -c -g -O2  -o out/conftest2.o conftest.cpp >&5
configure:14142: $? = 0
configure:14164: result: yes
configure:14169: checking if arm-linux-g++ supports -c -o file.o
configure:14216: result: yes
configure:14246: checking whether the arm-linux-g++ linker (/opt/RTOS/V100R005C00/armA9le_3.10_ek_micro/gnu/arm-linux-uclibceabi/bin/ld) supports shared libraries
configure:14285: result: yes
configure:14426: checking dynamic linker characteristics
configure:15094: result: GNU/Linux ld.so
configure:15147: checking how to hardcode library paths into programs
configure:15172: result: immediate
configure:15234: checking for library containing strerror
configure:15265: arm-linux-uclibceabi-gcc -o conftest -g -O2   conftest.c  >&5
configure:15265: $? = 0
configure:15282: result: none required
configure:15290: checking whether byte ordering is bigendian
configure:15305: arm-linux-uclibceabi-gcc -c -g -O2  conftest.c >&5
conftest.c:24:9: error: unknown type name 'not'
conftest.c:24:15: error: expected '=', ',', ';', 'asm' or '__attribute__' before 'universal'
conftest.c:24:15: error: unknown type name 'universal'
configure:15305: $? = 1
configure: failed program was:
| /* confdefs.h */
| #define PACKAGE_NAME ""
| #define PACKAGE_TARNAME ""
| #define PACKAGE_VERSION ""
| #define PACKAGE_STRING ""
| #define PACKAGE_BUGREPORT ""
| #define PACKAGE_URL ""
| #define PACKAGE "wifidog"
| #define VERSION "1.3.0"
| #define STDC_HEADERS 1
| #define HAVE_SYS_TYPES_H 1
| #define HAVE_SYS_STAT_H 1
| #define HAVE_STDLIB_H 1
| #define HAVE_STRING_H 1
| #define HAVE_MEMORY_H 1
| #define HAVE_STRINGS_H 1
| #define HAVE_INTTYPES_H 1
| #define HAVE_STDINT_H 1
| #define HAVE_UNISTD_H 1
| #define HAVE_DLFCN_H 1
| #define LT_OBJDIR ".libs/"
| /* end confdefs.h.  */
| #ifndef __APPLE_CC__
| 	       not a universal capable compiler
| 	     #endif
| 	     typedef int dummy;
| 
configure:15350: arm-linux-uclibceabi-gcc -c -g -O2  conftest.c >&5
configure:15350: $? = 0
configure:15368: arm-linux-uclibceabi-gcc -c -g -O2  conftest.c >&5
conftest.c: In function 'main':
conftest.c:30:4: error: unknown type name 'not'
conftest.c:30:12: error: expected '=', ',', ';', 'asm' or '__attribute__' before 'endian'
configure:15368: $? = 1
configure: failed program was:
| /* confdefs.h */
| #define PACKAGE_NAME ""
| #define PACKAGE_TARNAME ""
| #define PACKAGE_VERSION ""
| #define PACKAGE_STRING ""
| #define PACKAGE_BUGREPORT ""
| #define PACKAGE_URL ""
| #define PACKAGE "wifidog"
| #define VERSION "1.3.0"
| #define STDC_HEADERS 1
| #define HAVE_SYS_TYPES_H 1
| #define HAVE_SYS_STAT_H 1
| #define HAVE_STDLIB_H 1
| #define HAVE_STRING_H 1
| #define HAVE_MEMORY_H 1
| #define HAVE_STRINGS_H 1
| #define HAVE_INTTYPES_H 1
| #define HAVE_STDINT_H 1
| #define HAVE_UNISTD_H 1
| #define HAVE_DLFCN_H 1
| #define LT_OBJDIR ".libs/"
| /* end confdefs.h.  */
| #include <sys/types.h>
| 		#include <sys/param.h>
| 
| int
| main ()
| {
| #if BYTE_ORDER != BIG_ENDIAN
| 		 not big endian
| 		#endif
| 
|   ;
|   return 0;
| }
configure:15496: result: no
configure:15514: checking whether make sets $(MAKE)
configure:15536: result: yes
configure:15545: checking for ANSI C header files
configure:15649: result: yes
configure:15694: checking for doxygen
configure:15727: result: no
configure:16010: checking pthread.h usability
configure:16010: arm-linux-uclibceabi-gcc -c -g -O2  conftest.c >&5
configure:16010: $? = 0
configure:16010: result: yes
configure:16010: checking pthread.h presence
configure:16010: arm-linux-uclibceabi-gcc -E  conftest.c
configure:16010: $? = 0
configure:16010: result: yes
configure:16010: checking for pthread.h
configure:16010: result: yes
configure:16018: checking for pthread_create in -lpthread
configure:16043: arm-linux-uclibceabi-gcc -o conftest -g -O2   conftest.c -lpthread   >&5
configure:16043: $? = 0
configure:16052: result: yes
configure:16071: checking for string.h
configure:16071: result: yes
configure:16071: checking for strings.h
configure:16071: result: yes
configure:16071: checking stdarg.h usability
configure:16071: arm-linux-uclibceabi-gcc -c -g -O2  conftest.c >&5
configure:16071: $? = 0
configure:16071: result: yes
configure:16071: checking stdarg.h presence
configure:16071: arm-linux-uclibceabi-gcc -E  conftest.c
configure:16071: $? = 0
configure:16071: result: yes
configure:16071: checking for stdarg.h
configure:16071: result: yes
configure:16071: checking for unistd.h
configure:16071: result: yes
configure:16081: checking for main in -lsocket
configure:16100: arm-linux-uclibceabi-gcc -o conftest -g -O2   conftest.c -lsocket  -lpthread  >&5
/opt/RTOS/V100R005C00/armA9le_3.10_ek_micro/gnu/bin/../lib/gcc/arm-linux-uclibceabi/4.7.1/../../../../arm-linux-uclibceabi/bin/ld: cannot find -lsocket
collect2: error: ld returned 1 exit status
configure:16100: $? = 1
configure: failed program was:
| /* confdefs.h */
| #define PACKAGE_NAME ""
| #define PACKAGE_TARNAME ""
| #define PACKAGE_VERSION ""
| #define PACKAGE_STRING ""
| #define PACKAGE_BUGREPORT ""
| #define PACKAGE_URL ""
| #define PACKAGE "wifidog"
| #define VERSION "1.3.0"
| #define STDC_HEADERS 1
| #define HAVE_SYS_TYPES_H 1
| #define HAVE_SYS_STAT_H 1
| #define HAVE_STDLIB_H 1
| #define HAVE_STRING_H 1
| #define HAVE_MEMORY_H 1
| #define HAVE_STRINGS_H 1
| #define HAVE_INTTYPES_H 1
| #define HAVE_STDINT_H 1
| #define HAVE_UNISTD_H 1
| #define HAVE_DLFCN_H 1
| #define LT_OBJDIR ".libs/"
| #define STDC_HEADERS 1
| #define HAVE_LIBPTHREAD 1
| #define HAVE_STRING_H 1
| #define HAVE_STRINGS_H 1
| #define HAVE_STDARG_H 1
| #define HAVE_UNISTD_H 1
| /* end confdefs.h.  */
| 
| 
| int
| main ()
| {
| return main ();
|   ;
|   return 0;
| }
configure:16109: result: no
configure:16121: checking for main in -lnsl
configure:16140: arm-linux-uclibceabi-gcc -o conftest -g -O2   conftest.c -lnsl  -lpthread  >&5
configure:16140: $? = 0
configure:16149: result: yes
configure:16273: checking that generated files are newer than configure
configure:16279: result: done
configure:16319: creating ./config.status

## ---------------------- ##
## Running config.status. ##
## ---------------------- ##

This file was extended by config.status, which was
generated by GNU Autoconf 2.69.  Invocation command line was

  CONFIG_FILES    = 
  CONFIG_HEADERS  = 
  CONFIG_LINKS    = 
  CONFIG_COMMANDS = 
  $ ./config.status 

on server

config.status:1172: creating Makefile
config.status:1172: creating wifidog.spec
config.status:1172: creating wifidog-msg.html
config.status:1172: creating src/Makefile
config.status:1172: creating libhttpd/Makefile
config.status:1172: creating doc/Makefile
config.status:1172: creating config.h
config.status:1401: executing depfiles commands
config.status:1401: executing libtool commands

## ---------------- ##
## Cache variables. ##
## ---------------- ##

ac_cv_build=x86_64-unknown-linux-uclibc
ac_cv_c_bigendian=no
ac_cv_c_compiler_gnu=yes
ac_cv_cxx_compiler_gnu=yes
ac_cv_env_CCC_set=
ac_cv_env_CCC_value=
ac_cv_env_CC_set=set
ac_cv_env_CC_value=arm-linux-uclibceabi-gcc
ac_cv_env_CFLAGS_set=
ac_cv_env_CFLAGS_value=
ac_cv_env_CPPFLAGS_set=
ac_cv_env_CPPFLAGS_value=
ac_cv_env_CPP_set=
ac_cv_env_CPP_value=
ac_cv_env_CXXCPP_set=
ac_cv_env_CXXCPP_value=
ac_cv_env_CXXFLAGS_set=
ac_cv_env_CXXFLAGS_value=
ac_cv_env_CXX_set=
ac_cv_env_CXX_value=
ac_cv_env_LDFLAGS_set=
ac_cv_env_LDFLAGS_value=
ac_cv_env_LIBS_set=
ac_cv_env_LIBS_value=
ac_cv_env_build_alias_set=
ac_cv_env_build_alias_value=
ac_cv_env_host_alias_set=set
ac_cv_env_host_alias_value=arm-linux
ac_cv_env_target_alias_set=
ac_cv_env_target_alias_value=
ac_cv_func_dlopen=no
ac_cv_func_shl_load=no
ac_cv_header_dlfcn_h=yes
ac_cv_header_inttypes_h=yes
ac_cv_header_memory_h=yes
ac_cv_header_pthread_h=yes
ac_cv_header_stdarg_h=yes
ac_cv_header_stdc=yes
ac_cv_header_stdint_h=yes
ac_cv_header_stdlib_h=yes
ac_cv_header_string_h=yes
ac_cv_header_strings_h=yes
ac_cv_header_sys_stat_h=yes
ac_cv_header_sys_types_h=yes
ac_cv_header_unistd_h=yes
ac_cv_host=arm-unknown-linux-gnu
ac_cv_lib_dl_dlopen=yes
ac_cv_lib_dld_shl_load=no
ac_cv_lib_nsl=ac_cv_lib_nsl_main
ac_cv_lib_nsl_main=yes
ac_cv_lib_pthread_pthread_create=yes
ac_cv_lib_socket=ac_cv_lib_socket_main
ac_cv_lib_socket_main=no
ac_cv_objext=o
ac_cv_path_EGREP='/bin/grep -E'
ac_cv_path_FGREP='/bin/grep -F'
ac_cv_path_GREP=/bin/grep
ac_cv_path_SED=/bin/sed
ac_cv_path_install='/usr/bin/install -c'
ac_cv_path_mkdir=/bin/mkdir
ac_cv_prog_AR=arm-linux-uclibceabi-ar
ac_cv_prog_AWK=gawk
ac_cv_prog_CC=arm-linux-uclibceabi-gcc
ac_cv_prog_CPP='arm-linux-uclibceabi-gcc -E'
ac_cv_prog_CXX=arm-linux-g++
ac_cv_prog_CXXCPP='arm-linux-g++ -E'
ac_cv_prog_OBJDUMP=arm-linux-objdump
ac_cv_prog_RANLIB=arm-linux-ranlib
ac_cv_prog_STRIP=arm-linux-strip
ac_cv_prog_ac_ct_MANIFEST_TOOL=mt
ac_cv_prog_cc_c89=
ac_cv_prog_cc_g=yes
ac_cv_prog_cxx_g=yes
ac_cv_prog_make_make_set=yes
ac_cv_search_strerror='none required'
am_cv_CC_dependencies_compiler_type=gcc3
am_cv_CXX_dependencies_compiler_type=gcc3
am_cv_make_support_nested_variables=yes
am_cv_prog_cc_c_o=yes
lt_cv_ar_at_file=@
lt_cv_archive_cmds_need_lc=no
lt_cv_deplibs_check_method=pass_all
lt_cv_dlopen=dlopen
lt_cv_dlopen_libs=-ldl
lt_cv_dlopen_self=cross
lt_cv_file_magic_cmd='$MAGIC_CMD'
lt_cv_file_magic_test_file=
lt_cv_ld_reload_flag=-r
lt_cv_nm_interface='BSD nm'
lt_cv_objdir=.libs
lt_cv_path_LD=/opt/RTOS/V100R005C00/armA9le_3.10_ek_micro/gnu/arm-linux-uclibceabi/bin/ld
lt_cv_path_LDCXX=/opt/RTOS/V100R005C00/armA9le_3.10_ek_micro/gnu/arm-linux-uclibceabi/bin/ld
lt_cv_path_NM='/opt/toolchains/crosstools-arm-gcc-4.6-linux-3.4-uclibc-0.9.32-binutils-2.21/usr/bin/arm-linux-nm -B'
lt_cv_path_mainfest_tool=no
lt_cv_prog_compiler_c_o=yes
lt_cv_prog_compiler_c_o_CXX=yes
lt_cv_prog_compiler_pic='-fPIC -DPIC'
lt_cv_prog_compiler_pic_CXX='-fPIC -DPIC'
lt_cv_prog_compiler_pic_works=yes
lt_cv_prog_compiler_pic_works_CXX=yes
lt_cv_prog_compiler_rtti_exceptions=no
lt_cv_prog_compiler_static_works=no
lt_cv_prog_compiler_static_works_CXX=yes
lt_cv_prog_gnu_ld=yes
lt_cv_prog_gnu_ldcxx=yes
lt_cv_sharedlib_from_linklib_cmd='printf %s\n'
lt_cv_shlibpath_overrides_runpath=no
lt_cv_sys_global_symbol_pipe='sed -n -e '\''s/^.*[	 ]\([ABCDGIRSTW][ABCDGIRSTW]*\)[	 ][	 ]*\([_A-Za-z][_A-Za-z0-9]*\)$/\1 \2 \2/p'\'' | sed '\''/ __gnu_lto/d'\'''
lt_cv_sys_global_symbol_to_c_name_address='sed -n -e '\''s/^: \([^ ]*\)[ ]*$/  {\"\1\", (void *) 0},/p'\'' -e '\''s/^[ABCDGIRSTW]* \([^ ]*\) \([^ ]*\)$/  {"\2", (void *) \&\2},/p'\'''
lt_cv_sys_global_symbol_to_c_name_address_lib_prefix='sed -n -e '\''s/^: \([^ ]*\)[ ]*$/  {\"\1\", (void *) 0},/p'\'' -e '\''s/^[ABCDGIRSTW]* \([^ ]*\) \(lib[^ ]*\)$/  {"\2", (void *) \&\2},/p'\'' -e '\''s/^[ABCDGIRSTW]* \([^ ]*\) \([^ ]*\)$/  {"lib\2", (void *) \&\2},/p'\'''
lt_cv_sys_global_symbol_to_cdecl='sed -n -e '\''s/^T .* \(.*\)$/extern int \1();/p'\'' -e '\''s/^[ABCDGIRSTW]* .* \(.*\)$/extern char \1;/p'\'''
lt_cv_sys_max_cmd_len=1572864
lt_cv_to_host_file_cmd=func_convert_file_noop
lt_cv_to_tool_file_cmd=func_convert_file_noop

## ----------------- ##
## Output variables. ##
## ----------------- ##

ACLOCAL='${SHELL} /home/yangshaokun/work/wifidog-gateway-huawei/config/missing aclocal-1.14'
AMDEPBACKSLASH='\'
AMDEP_FALSE='#'
AMDEP_TRUE=''
AMTAR='$${TAR-tar}'
AM_BACKSLASH='\'
AM_DEFAULT_V='$(AM_DEFAULT_VERBOSITY)'
AM_DEFAULT_VERBOSITY='1'
AM_V='$(V)'
AR='arm-linux-uclibceabi-ar'
AUTOCONF='${SHELL} /home/yangshaokun/work/wifidog-gateway-huawei/config/missing autoconf'
AUTOHEADER='${SHELL} /home/yangshaokun/work/wifidog-gateway-huawei/config/missing autoheader'
AUTOMAKE='${SHELL} /home/yangshaokun/work/wifidog-gateway-huawei/config/missing automake-1.14'
AWK='gawk'
BUILDROOT=''
CC='arm-linux-uclibceabi-gcc'
CCDEPMODE='depmode=gcc3'
CFLAGS='-g -O2'
CPP='arm-linux-uclibceabi-gcc -E'
CPPFLAGS=''
CXX='arm-linux-g++'
CXXCPP='arm-linux-g++ -E'
CXXDEPMODE='depmode=gcc3'
CXXFLAGS='-g -O2'
CYGPATH_W='echo'
DEFS='-DHAVE_CONFIG_H'
DEPDIR='.deps'
DLLTOOL='false'
DOC_FALSE=''
DOC_TRUE='#'
DOT=''
DOXYGEN=''
DSYMUTIL=''
DUMPBIN=''
ECHO_C=''
ECHO_N='-n'
ECHO_T=''
EGREP='/bin/grep -E'
ENABLE_DOXYGEN_FALSE=''
ENABLE_DOXYGEN_TRUE='#'
EXEEXT=''
FGREP='/bin/grep -F'
GREP='/bin/grep'
INSTALL_DATA='${INSTALL} -m 644'
INSTALL_PROGRAM='${INSTALL}'
INSTALL_SCRIPT='${INSTALL}'
INSTALL_STRIP_PROGRAM='$(install_sh) -c -s'
LD='/opt/RTOS/V100R005C00/armA9le_3.10_ek_micro/gnu/arm-linux-uclibceabi/bin/ld'
LDFLAGS=''
LIBOBJS=''
LIBS='-lnsl -lpthread '
LIBTOOL='$(SHELL) $(top_builddir)/libtool'
LIPO=''
LN_S='ln -s'
LTLIBOBJS=''
MAINT='#'
MAINTAINER_MODE_FALSE=''
MAINTAINER_MODE_TRUE='#'
MAKEINFO='${SHELL} /home/yangshaokun/work/wifidog-gateway-huawei/config/missing makeinfo'
MANIFEST_TOOL=':'
MKDIR_P='/bin/mkdir -p'
NM='/opt/toolchains/crosstools-arm-gcc-4.6-linux-3.4-uclibc-0.9.32-binutils-2.21/usr/bin/arm-linux-nm -B'
NMEDIT=''
OBJDUMP='arm-linux-objdump'
OBJEXT='o'
OTOOL64=''
OTOOL=''
PACKAGE='wifidog'
PACKAGE_BUGREPORT=''
PACKAGE_NAME=''
PACKAGE_STRING=''
PACKAGE_TARNAME=''
PACKAGE_URL=''
PACKAGE_VERSION=''
PATH_SEPARATOR=':'
RANLIB='arm-linux-ranlib'
SED='/bin/sed'
SET_MAKE=''
SHELL='/bin/sh'
STRIP='arm-linux-strip'
VERSION='1.3.0'
WIFIDOG_MAJOR_VERSION='1'
WIFIDOG_MICRO_VERSION='0'
WIFIDOG_MINOR_VERSION='3'
WIFIDOG_VERSION='1.3.0'
ac_ct_AR=''
ac_ct_CC=''
ac_ct_CXX=''
ac_ct_DUMPBIN=''
am__EXEEXT_FALSE=''
am__EXEEXT_TRUE='#'
am__fastdepCC_FALSE='#'
am__fastdepCC_TRUE=''
am__fastdepCXX_FALSE='#'
am__fastdepCXX_TRUE=''
am__include='include'
am__isrc=''
am__leading_dot='.'
am__nodep='_no'
am__quote=''
am__tar='$${TAR-tar} chof - "$$tardir"'
am__untar='$${TAR-tar} xf -'
bindir='${exec_prefix}/bin'
build='x86_64-unknown-linux-uclibc'
build_alias=''
build_cpu='x86_64'
build_os='linux-uclibc'
build_vendor='unknown'
datadir='${datarootdir}'
datarootdir='${prefix}/share'
docdir='${datarootdir}/doc/${PACKAGE}'
dvidir='${docdir}'
enable_dot='no'
enable_html_docs='yes'
enable_latex_docs='no'
exec_prefix='${prefix}'
host='arm-unknown-linux-gnu'
host_alias='arm-linux'
host_cpu='arm'
host_os='linux-gnu'
host_vendor='unknown'
htmldir='${docdir}'
includedir='${prefix}/include'
infodir='${datarootdir}/info'
install_sh='${SHELL} /home/yangshaokun/work/wifidog-gateway-huawei/config/install-sh'
libdir='${exec_prefix}/lib'
libexecdir='${exec_prefix}/libexec'
localedir='${datarootdir}/locale'
localstatedir='${prefix}/var'
mandir='${datarootdir}/man'
mkdir_p='$(MKDIR_P)'
oldincludedir='/usr/include'
pdfdir='${docdir}'
prefix=''
program_transform_name='s,x,x,'
psdir='${docdir}'
sbindir='${exec_prefix}/sbin'
sharedstatedir='${prefix}/com'
sysconfdir='${prefix}/etc'
target_alias=''

## ----------- ##
## confdefs.h. ##
## ----------- ##

/* confdefs.h */
#define PACKAGE_NAME ""
#define PACKAGE_TARNAME ""
#define PACKAGE_VERSION ""
#define PACKAGE_STRING ""
#define PACKAGE_BUGREPORT ""
#define PACKAGE_URL ""
#define PACKAGE "wifidog"
#define VERSION "1.3.0"
#define STDC_HEADERS 1
#define HAVE_SYS_TYPES_H 1
#define HAVE_SYS_STAT_H 1
#define HAVE_STDLIB_H 1
#define HAVE_STRING_H 1
#define HAVE_MEMORY_H 1
#define HAVE_STRINGS_H 1
#define HAVE_INTTYPES_H 1
#define HAVE_STDINT_H 1
#define HAVE_UNISTD_H 1
#define HAVE_DLFCN_H 1
#define LT_OBJDIR ".libs/"
#define STDC_HEADERS 1
#define HAVE_LIBPTHREAD 1
#define HAVE_STRING_H 1
#define HAVE_STRINGS_H 1
#define HAVE_STDARG_H 1
#define HAVE_UNISTD_H 1
#define HAVE_LIBNSL 1

configure: exit 0
