This file contains any messages produced by compilers while
running configure, to aid debugging if configure makes a mistake.

It was created by configure, which was
generated by GNU Autoconf 2.69.  Invocation command line was

  $ ./configure --target=mips-unknown-linux --host=mips-unknown-linux CC=mips-unknown-linux-uclibc-gcc --build=x86_64-linux-gnu --disable-nls --disable-ipv6 --without-crypto --disable-smb

## --------- ##
## Platform. ##
## --------- ##

hostname = server
uname -m = x86_64
uname -r = 3.13.0-74-generic
uname -s = Linux
uname -v = #118-Ubuntu SMP Thu Dec 17 22:52:10 UTC 2015

/usr/bin/uname -p = unknown
/bin/uname -X     = unknown

/bin/arch              = unknown
/usr/bin/arch -k       = unknown
/usr/convex/getsysinfo = unknown
/usr/bin/hostinfo      = unknown
/bin/machine           = unknown
/usr/bin/oslevel       = unknown
/bin/universe          = unknown

PATH: /bin
PATH: /opt/hisi-linux/x86-arm/arm-hisiv200-linux/target/bin
PATH: /home/teidor/cmake-3.1.0-rc3/bin
PATH: /usr/local/sbin
PATH: /usr/local/bin
PATH: /usr/sbin
PATH: /usr/bin
PATH: /sbin
PATH: /bin
PATH: /usr/games
PATH: /usr/local/games
PATH: /opt/toolchains/hndtools-mipsel-linux-uclibc-4.2.3/bin
PATH: /opt/toolchains/crosstools-arm-gcc-4.6-linux-3.4-uclibc-0.9.32-binutils-2.21/usr/bin
PATH: /opt/toolchains/crosstools-mips-gcc-4.6-linux-3.4-uclibc-0.9.32-binutils-2.21/usr/bin


## ----------- ##
## Core tests. ##
## ----------- ##

configure:2397: checking build system type
configure:2411: result: x86_64-pc-linux-gnu
configure:2431: checking host system type
configure:2444: result: mips-unknown-linux-gnu
configure:2545: checking for mips-unknown-linux-gcc
configure:2572: result: mips-unknown-linux-uclibc-gcc
configure:2841: checking for C compiler version
configure:2850: mips-unknown-linux-uclibc-gcc --version >&5
mips-unknown-linux-uclibc-gcc (Buildroot 2011.11) 4.6.2
Copyright (C) 2011 Free Software Foundation, Inc.
This is free software; see the source for copying conditions.  There is NO
warranty; not even for MERCHANTABILITY or FITNESS FOR A PARTICULAR PURPOSE.

configure:2861: $? = 0
configure:2850: mips-unknown-linux-uclibc-gcc -v >&5
Using built-in specs.
COLLECT_GCC=mips-unknown-linux-uclibc-gcc
COLLECT_LTO_WRAPPER=/opt/toolchains/crosstools-mips-gcc-4.6-linux-3.4-uclibc-0.9.32-binutils-2.21/usr/libexec/gcc/mips-unknown-linux-uclibc/4.6.2/lto-wrapper
Target: mips-unknown-linux-uclibc
Configured with: /home/dslsqa/rel0.6/crosstools-gcc-4.6-linux-3.4-uclibc-0.9.32-binutils-2.21/src/buildroot-2011.11/output/toolchain/gcc-4.6.2/configure --prefix=/opt/toolchains/crosstools-mips-gcc-4.6-linux-3.4-uclibc-0.9.32-binutils-2.21/usr --build=i686-pc-linux-gnu --host=i686-pc-linux-gnu --target=mips-unknown-linux-uclibc --enable-languages=c,c++ --with-sysroot=/opt/toolchains/crosstools-mips-gcc-4.6-linux-3.4-uclibc-0.9.32-binutils-2.21/usr/mips-unknown-linux-uclibc/sysroot --with-build-time-tools=/opt/toolchains/crosstools-mips-gcc-4.6-linux-3.4-uclibc-0.9.32-binutils-2.21/usr/mips-unknown-linux-uclibc/bin --disable-__cxa_atexit --enable-target-optspace --disable-libgomp --with-gnu-ld --disable-libssp --disable-multilib --disable-tls --enable-shared --with-gmp=/opt/toolchains/crosstools-mips-gcc-4.6-linux-3.4-uclibc-0.9.32-binutils-2.21/usr --with-mpfr=/opt/toolchains/crosstools-mips-gcc-4.6-linux-3.4-uclibc-0.9.32-binutils-2.21/usr --with-mpc=/opt/toolchains/crosstools-mips-gcc-4.6-linux-3.4-uclibc-0.9.32-binutils-2.21/usr --enable-threads --disable-decimal-float --with-float=soft --with-abi=32 --with-tune=mips32 --with-arch=mips32 --with-pkgversion='Buildroot 2011.11' --with-bugurl=http://bugs.buildroot.net/
Thread model: posix
gcc version 4.6.2 (Buildroot 2011.11) 
configure:2861: $? = 0
configure:2850: mips-unknown-linux-uclibc-gcc -V >&5
mips-unknown-linux-uclibc-gcc: error: unrecognized option '-V'
mips-unknown-linux-uclibc-gcc: fatal error: no input files
compilation terminated.
configure:2861: $? = 1
configure:2850: mips-unknown-linux-uclibc-gcc -qversion >&5
mips-unknown-linux-uclibc-gcc: error: unrecognized option '-qversion'
mips-unknown-linux-uclibc-gcc: fatal error: no input files
compilation terminated.
configure:2861: $? = 1
configure:2881: checking whether the C compiler works
configure:2903: mips-unknown-linux-uclibc-gcc    conftest.c  >&5
configure:2907: $? = 0
configure:2955: result: yes
configure:2958: checking for C compiler default output file name
configure:2960: result: a.out
configure:2966: checking for suffix of executables
configure:2973: mips-unknown-linux-uclibc-gcc -o conftest    conftest.c  >&5
configure:2977: $? = 0
configure:2999: result: 
configure:3021: checking whether we are cross compiling
configure:3059: result: yes
configure:3064: checking for suffix of object files
configure:3086: mips-unknown-linux-uclibc-gcc -c   conftest.c >&5
configure:3090: $? = 0
configure:3111: result: o
configure:3115: checking whether we are using the GNU C compiler
configure:3134: mips-unknown-linux-uclibc-gcc -c   conftest.c >&5
configure:3134: $? = 0
configure:3143: result: yes
configure:3152: checking whether mips-unknown-linux-uclibc-gcc accepts -g
configure:3172: mips-unknown-linux-uclibc-gcc -c -g  conftest.c >&5
configure:3172: $? = 0
configure:3213: result: yes
configure:3230: checking for mips-unknown-linux-uclibc-gcc option to accept ISO C89
configure:3293: mips-unknown-linux-uclibc-gcc  -c -g -O2  conftest.c >&5
configure:3293: $? = 0
configure:3306: result: none needed
configure:3344: checking whether the compiler supports the -ffloat-store option
configure:3359: mips-unknown-linux-uclibc-gcc -c -g -O2 -Werror -ffloat-store  conftest.c >&5
configure:3359: $? = 0
configure:3361: result: yes
configure:3501: checking for inline
configure:3537: mips-unknown-linux-uclibc-gcc -c  -ffloat-store  conftest.c >&5
configure:3537: $? = 0
configure:3552: result: inline
configure:3564: checking for __attribute__
configure:3591: mips-unknown-linux-uclibc-gcc -c -g -O2  conftest.c >&5
configure:3591: $? = 0
configure:3610: result: yes
configure:3615: checking whether __attribute__((unused)) can be used without warnings
configure:3638: mips-unknown-linux-uclibc-gcc -c -g -O2 -Werror  conftest.c >&5
configure:3638: $? = 0
configure:3652: result: yes
configure:3656: checking whether __attribute__((noreturn)) can be applied to function pointers without warnings
configure:3680: mips-unknown-linux-uclibc-gcc -c -g -O2 -Werror  conftest.c >&5
configure:3680: $? = 0
configure:3694: result: yes
configure:3698: checking whether __attribute__((format)) can be used without warnings
configure:3722: mips-unknown-linux-uclibc-gcc -c -g -O2 -Werror  conftest.c >&5
configure:3722: $? = 0
configure:3736: result: yes
configure:3741: checking whether __attribute__((format)) can be applied to function pointers
configure:3763: mips-unknown-linux-uclibc-gcc -c -g -O2  conftest.c >&5
configure:3763: $? = 0
configure:3776: result: yes
configure:3786: checking how to run the C preprocessor
configure:3817: mips-unknown-linux-uclibc-gcc -E  conftest.c
configure:3817: $? = 0
configure:3831: mips-unknown-linux-uclibc-gcc -E  conftest.c
conftest.c:14:28: fatal error: ac_nonexistent.h: No such file or directory
compilation terminated.
configure:3831: $? = 1
configure: failed program was:
| /* confdefs.h */
| #define PACKAGE_NAME ""
| #define PACKAGE_TARNAME ""
| #define PACKAGE_VERSION ""
| #define PACKAGE_STRING ""
| #define PACKAGE_BUGREPORT ""
| #define PACKAGE_URL ""
| #define inline inline
| #define HAVE___ATTRIBUTE__ 1
| #define __ATTRIBUTE___NORETURN_OK_FOR_FUNCTION_POINTERS 1
| #define __ATTRIBUTE___FORMAT_OK 1
| #define __ATTRIBUTE___FORMAT_OK_FOR_FUNCTION_POINTERS 1
| /* end confdefs.h.  */
| #include <ac_nonexistent.h>
configure:3856: result: mips-unknown-linux-uclibc-gcc -E
configure:3876: mips-unknown-linux-uclibc-gcc -E  conftest.c
configure:3876: $? = 0
configure:3890: mips-unknown-linux-uclibc-gcc -E  conftest.c
conftest.c:14:28: fatal error: ac_nonexistent.h: No such file or directory
compilation terminated.
configure:3890: $? = 1
configure: failed program was:
| /* confdefs.h */
| #define PACKAGE_NAME ""
| #define PACKAGE_TARNAME ""
| #define PACKAGE_VERSION ""
| #define PACKAGE_STRING ""
| #define PACKAGE_BUGREPORT ""
| #define PACKAGE_URL ""
| #define inline inline
| #define HAVE___ATTRIBUTE__ 1
| #define __ATTRIBUTE___NORETURN_OK_FOR_FUNCTION_POINTERS 1
| #define __ATTRIBUTE___FORMAT_OK 1
| #define __ATTRIBUTE___FORMAT_OK_FOR_FUNCTION_POINTERS 1
| /* end confdefs.h.  */
| #include <ac_nonexistent.h>
configure:3919: checking for grep that handles long lines and -e
configure:3977: result: /bin/grep
configure:3982: checking for egrep
configure:4044: result: /bin/grep -E
configure:4049: checking for ANSI C header files
configure:4069: mips-unknown-linux-uclibc-gcc -c -g -O2  conftest.c >&5
configure:4069: $? = 0
configure:4153: result: yes
configure:4166: checking for sys/types.h
configure:4166: mips-unknown-linux-uclibc-gcc -c -g -O2  conftest.c >&5
configure:4166: $? = 0
configure:4166: result: yes
configure:4166: checking for sys/stat.h
configure:4166: mips-unknown-linux-uclibc-gcc -c -g -O2  conftest.c >&5
configure:4166: $? = 0
configure:4166: result: yes
configure:4166: checking for stdlib.h
configure:4166: mips-unknown-linux-uclibc-gcc -c -g -O2  conftest.c >&5
configure:4166: $? = 0
configure:4166: result: yes
configure:4166: checking for string.h
configure:4166: mips-unknown-linux-uclibc-gcc -c -g -O2  conftest.c >&5
configure:4166: $? = 0
configure:4166: result: yes
configure:4166: checking for memory.h
configure:4166: mips-unknown-linux-uclibc-gcc -c -g -O2  conftest.c >&5
configure:4166: $? = 0
configure:4166: result: yes
configure:4166: checking for strings.h
configure:4166: mips-unknown-linux-uclibc-gcc -c -g -O2  conftest.c >&5
configure:4166: $? = 0
configure:4166: result: yes
configure:4166: checking for inttypes.h
configure:4166: mips-unknown-linux-uclibc-gcc -c -g -O2  conftest.c >&5
configure:4166: $? = 0
configure:4166: result: yes
configure:4166: checking for stdint.h
configure:4166: mips-unknown-linux-uclibc-gcc -c -g -O2  conftest.c >&5
configure:4166: $? = 0
configure:4166: result: yes
configure:4166: checking for unistd.h
configure:4166: mips-unknown-linux-uclibc-gcc -c -g -O2  conftest.c >&5
configure:4166: $? = 0
configure:4166: result: yes
configure:4181: checking fcntl.h usability
configure:4181: mips-unknown-linux-uclibc-gcc -c -g -O2  conftest.c >&5
configure:4181: $? = 0
configure:4181: result: yes
configure:4181: checking fcntl.h presence
configure:4181: mips-unknown-linux-uclibc-gcc -E  conftest.c
configure:4181: $? = 0
configure:4181: result: yes
configure:4181: checking for fcntl.h
configure:4181: result: yes
configure:4181: checking rpc/rpc.h usability
configure:4181: mips-unknown-linux-uclibc-gcc -c -g -O2  conftest.c >&5
configure:4181: $? = 0
configure:4181: result: yes
configure:4181: checking rpc/rpc.h presence
configure:4181: mips-unknown-linux-uclibc-gcc -E  conftest.c
configure:4181: $? = 0
configure:4181: result: yes
configure:4181: checking for rpc/rpc.h
configure:4181: result: yes
configure:4181: checking rpc/rpcent.h usability
configure:4181: mips-unknown-linux-uclibc-gcc -c -g -O2  conftest.c >&5
conftest.c:59:24: fatal error: rpc/rpcent.h: No such file or directory
compilation terminated.
configure:4181: $? = 1
configure: failed program was:
| /* confdefs.h */
| #define PACKAGE_NAME ""
| #define PACKAGE_TARNAME ""
| #define PACKAGE_VERSION ""
| #define PACKAGE_STRING ""
| #define PACKAGE_BUGREPORT ""
| #define PACKAGE_URL ""
| #define inline inline
| #define HAVE___ATTRIBUTE__ 1
| #define __ATTRIBUTE___NORETURN_OK_FOR_FUNCTION_POINTERS 1
| #define __ATTRIBUTE___FORMAT_OK 1
| #define __ATTRIBUTE___FORMAT_OK_FOR_FUNCTION_POINTERS 1
| #define STDC_HEADERS 1
| #define HAVE_SYS_TYPES_H 1
| #define HAVE_SYS_STAT_H 1
| #define HAVE_STDLIB_H 1
| #define HAVE_STRING_H 1
| #define HAVE_MEMORY_H 1
| #define HAVE_STRINGS_H 1
| #define HAVE_INTTYPES_H 1
| #define HAVE_STDINT_H 1
| #define HAVE_UNISTD_H 1
| #define HAVE_FCNTL_H 1
| #define HAVE_RPC_RPC_H 1
| /* end confdefs.h.  */
| #include <stdio.h>
| #ifdef HAVE_SYS_TYPES_H
| # include <sys/types.h>
| #endif
| #ifdef HAVE_SYS_STAT_H
| # include <sys/stat.h>
| #endif
| #ifdef STDC_HEADERS
| # include <stdlib.h>
| # include <stddef.h>
| #else
| # ifdef HAVE_STDLIB_H
| #  include <stdlib.h>
| # endif
| #endif
| #ifdef HAVE_STRING_H
| # if !defined STDC_HEADERS && defined HAVE_MEMORY_H
| #  include <memory.h>
| # endif
| # include <string.h>
| #endif
| #ifdef HAVE_STRINGS_H
| # include <strings.h>
| #endif
| #ifdef HAVE_INTTYPES_H
| # include <inttypes.h>
| #endif
| #ifdef HAVE_STDINT_H
| # include <stdint.h>
| #endif
| #ifdef HAVE_UNISTD_H
| # include <unistd.h>
| #endif
| #include <rpc/rpcent.h>
configure:4181: result: no
configure:4181: checking rpc/rpcent.h presence
configure:4181: mips-unknown-linux-uclibc-gcc -E  conftest.c
conftest.c:26:24: fatal error: rpc/rpcent.h: No such file or directory
compilation terminated.
configure:4181: $? = 1
configure: failed program was:
| /* confdefs.h */
| #define PACKAGE_NAME ""
| #define PACKAGE_TARNAME ""
| #define PACKAGE_VERSION ""
| #define PACKAGE_STRING ""
| #define PACKAGE_BUGREPORT ""
| #define PACKAGE_URL ""
| #define inline inline
| #define HAVE___ATTRIBUTE__ 1
| #define __ATTRIBUTE___NORETURN_OK_FOR_FUNCTION_POINTERS 1
| #define __ATTRIBUTE___FORMAT_OK 1
| #define __ATTRIBUTE___FORMAT_OK_FOR_FUNCTION_POINTERS 1
| #define STDC_HEADERS 1
| #define HAVE_SYS_TYPES_H 1
| #define HAVE_SYS_STAT_H 1
| #define HAVE_STDLIB_H 1
| #define HAVE_STRING_H 1
| #define HAVE_MEMORY_H 1
| #define HAVE_STRINGS_H 1
| #define HAVE_INTTYPES_H 1
| #define HAVE_STDINT_H 1
| #define HAVE_UNISTD_H 1
| #define HAVE_FCNTL_H 1
| #define HAVE_RPC_RPC_H 1
| /* end confdefs.h.  */
| #include <rpc/rpcent.h>
configure:4181: result: no
configure:4181: checking for rpc/rpcent.h
configure:4181: result: no
configure:4181: checking netdnet/dnetdb.h usability
configure:4181: mips-unknown-linux-uclibc-gcc -c -g -O2  conftest.c >&5
conftest.c:59:28: fatal error: netdnet/dnetdb.h: No such file or directory
compilation terminated.
configure:4181: $? = 1
configure: failed program was:
| /* confdefs.h */
| #define PACKAGE_NAME ""
| #define PACKAGE_TARNAME ""
| #define PACKAGE_VERSION ""
| #define PACKAGE_STRING ""
| #define PACKAGE_BUGREPORT ""
| #define PACKAGE_URL ""
| #define inline inline
| #define HAVE___ATTRIBUTE__ 1
| #define __ATTRIBUTE___NORETURN_OK_FOR_FUNCTION_POINTERS 1
| #define __ATTRIBUTE___FORMAT_OK 1
| #define __ATTRIBUTE___FORMAT_OK_FOR_FUNCTION_POINTERS 1
| #define STDC_HEADERS 1
| #define HAVE_SYS_TYPES_H 1
| #define HAVE_SYS_STAT_H 1
| #define HAVE_STDLIB_H 1
| #define HAVE_STRING_H 1
| #define HAVE_MEMORY_H 1
| #define HAVE_STRINGS_H 1
| #define HAVE_INTTYPES_H 1
| #define HAVE_STDINT_H 1
| #define HAVE_UNISTD_H 1
| #define HAVE_FCNTL_H 1
| #define HAVE_RPC_RPC_H 1
| /* end confdefs.h.  */
| #include <stdio.h>
| #ifdef HAVE_SYS_TYPES_H
| # include <sys/types.h>
| #endif
| #ifdef HAVE_SYS_STAT_H
| # include <sys/stat.h>
| #endif
| #ifdef STDC_HEADERS
| # include <stdlib.h>
| # include <stddef.h>
| #else
| # ifdef HAVE_STDLIB_H
| #  include <stdlib.h>
| # endif
| #endif
| #ifdef HAVE_STRING_H
| # if !defined STDC_HEADERS && defined HAVE_MEMORY_H
| #  include <memory.h>
| # endif
| # include <string.h>
| #endif
| #ifdef HAVE_STRINGS_H
| # include <strings.h>
| #endif
| #ifdef HAVE_INTTYPES_H
| # include <inttypes.h>
| #endif
| #ifdef HAVE_STDINT_H
| # include <stdint.h>
| #endif
| #ifdef HAVE_UNISTD_H
| # include <unistd.h>
| #endif
| #include <netdnet/dnetdb.h>
configure:4181: result: no
configure:4181: checking netdnet/dnetdb.h presence
configure:4181: mips-unknown-linux-uclibc-gcc -E  conftest.c
conftest.c:26:28: fatal error: netdnet/dnetdb.h: No such file or directory
compilation terminated.
configure:4181: $? = 1
configure: failed program was:
| /* confdefs.h */
| #define PACKAGE_NAME ""
| #define PACKAGE_TARNAME ""
| #define PACKAGE_VERSION ""
| #define PACKAGE_STRING ""
| #define PACKAGE_BUGREPORT ""
| #define PACKAGE_URL ""
| #define inline inline
| #define HAVE___ATTRIBUTE__ 1
| #define __ATTRIBUTE___NORETURN_OK_FOR_FUNCTION_POINTERS 1
| #define __ATTRIBUTE___FORMAT_OK 1
| #define __ATTRIBUTE___FORMAT_OK_FOR_FUNCTION_POINTERS 1
| #define STDC_HEADERS 1
| #define HAVE_SYS_TYPES_H 1
| #define HAVE_SYS_STAT_H 1
| #define HAVE_STDLIB_H 1
| #define HAVE_STRING_H 1
| #define HAVE_MEMORY_H 1
| #define HAVE_STRINGS_H 1
| #define HAVE_INTTYPES_H 1
| #define HAVE_STDINT_H 1
| #define HAVE_UNISTD_H 1
| #define HAVE_FCNTL_H 1
| #define HAVE_RPC_RPC_H 1
| /* end confdefs.h.  */
| #include <netdnet/dnetdb.h>
configure:4181: result: no
configure:4181: checking for netdnet/dnetdb.h
configure:4181: result: no
configure:4193: checking for net/pfvar.h
configure:4193: mips-unknown-linux-uclibc-gcc -c -g -O2  conftest.c >&5
conftest.c:30:23: fatal error: net/pfvar.h: No such file or directory
compilation terminated.
configure:4193: $? = 1
configure: failed program was:
| /* confdefs.h */
| #define PACKAGE_NAME ""
| #define PACKAGE_TARNAME ""
| #define PACKAGE_VERSION ""
| #define PACKAGE_STRING ""
| #define PACKAGE_BUGREPORT ""
| #define PACKAGE_URL ""
| #define inline inline
| #define HAVE___ATTRIBUTE__ 1
| #define __ATTRIBUTE___NORETURN_OK_FOR_FUNCTION_POINTERS 1
| #define __ATTRIBUTE___FORMAT_OK 1
| #define __ATTRIBUTE___FORMAT_OK_FOR_FUNCTION_POINTERS 1
| #define STDC_HEADERS 1
| #define HAVE_SYS_TYPES_H 1
| #define HAVE_SYS_STAT_H 1
| #define HAVE_STDLIB_H 1
| #define HAVE_STRING_H 1
| #define HAVE_MEMORY_H 1
| #define HAVE_STRINGS_H 1
| #define HAVE_INTTYPES_H 1
| #define HAVE_STDINT_H 1
| #define HAVE_UNISTD_H 1
| #define HAVE_FCNTL_H 1
| #define HAVE_RPC_RPC_H 1
| /* end confdefs.h.  */
| #include <sys/types.h>
| #include <sys/socket.h>
| #include <net/if.h>
| 
| #include <net/pfvar.h>
configure:4193: result: no
configure:4211: checking for netinet/if_ether.h
configure:4211: mips-unknown-linux-uclibc-gcc -c -g -O2  conftest.c >&5
configure:4211: $? = 0
configure:4211: result: yes
configure:4254: checking whether time.h and sys/time.h may both be included
configure:4274: mips-unknown-linux-uclibc-gcc -c -g -O2  conftest.c >&5
configure:4274: $? = 0
configure:4281: result: yes
configure:4323: checking Linux kernel version
configure:4368: checking smi.h usability
configure:4368: mips-unknown-linux-uclibc-gcc -c -g -O2  conftest.c >&5
conftest.c:61:17: fatal error: smi.h: No such file or directory
compilation terminated.
configure:4368: $? = 1
configure: failed program was:
| /* confdefs.h */
| #define PACKAGE_NAME ""
| #define PACKAGE_TARNAME ""
| #define PACKAGE_VERSION ""
| #define PACKAGE_STRING ""
| #define PACKAGE_BUGREPORT ""
| #define PACKAGE_URL ""
| #define inline inline
| #define HAVE___ATTRIBUTE__ 1
| #define __ATTRIBUTE___NORETURN_OK_FOR_FUNCTION_POINTERS 1
| #define __ATTRIBUTE___FORMAT_OK 1
| #define __ATTRIBUTE___FORMAT_OK_FOR_FUNCTION_POINTERS 1
| #define STDC_HEADERS 1
| #define HAVE_SYS_TYPES_H 1
| #define HAVE_SYS_STAT_H 1
| #define HAVE_STDLIB_H 1
| #define HAVE_STRING_H 1
| #define HAVE_MEMORY_H 1
| #define HAVE_STRINGS_H 1
| #define HAVE_INTTYPES_H 1
| #define HAVE_STDINT_H 1
| #define HAVE_UNISTD_H 1
| #define HAVE_FCNTL_H 1
| #define HAVE_RPC_RPC_H 1
| #define HAVE_NETINET_IF_ETHER_H 1
| #define TIME_WITH_SYS_TIME 1
| /* end confdefs.h.  */
| #include <stdio.h>
| #ifdef HAVE_SYS_TYPES_H
| # include <sys/types.h>
| #endif
| #ifdef HAVE_SYS_STAT_H
| # include <sys/stat.h>
| #endif
| #ifdef STDC_HEADERS
| # include <stdlib.h>
| # include <stddef.h>
| #else
| # ifdef HAVE_STDLIB_H
| #  include <stdlib.h>
| # endif
| #endif
| #ifdef HAVE_STRING_H
| # if !defined STDC_HEADERS && defined HAVE_MEMORY_H
| #  include <memory.h>
| # endif
| # include <string.h>
| #endif
| #ifdef HAVE_STRINGS_H
| # include <strings.h>
| #endif
| #ifdef HAVE_INTTYPES_H
| # include <inttypes.h>
| #endif
| #ifdef HAVE_STDINT_H
| # include <stdint.h>
| #endif
| #ifdef HAVE_UNISTD_H
| # include <unistd.h>
| #endif
| #include <smi.h>
configure:4368: result: no
configure:4368: checking smi.h presence
configure:4368: mips-unknown-linux-uclibc-gcc -E  conftest.c
conftest.c:28:17: fatal error: smi.h: No such file or directory
compilation terminated.
configure:4368: $? = 1
configure: failed program was:
| /* confdefs.h */
| #define PACKAGE_NAME ""
| #define PACKAGE_TARNAME ""
| #define PACKAGE_VERSION ""
| #define PACKAGE_STRING ""
| #define PACKAGE_BUGREPORT ""
| #define PACKAGE_URL ""
| #define inline inline
| #define HAVE___ATTRIBUTE__ 1
| #define __ATTRIBUTE___NORETURN_OK_FOR_FUNCTION_POINTERS 1
| #define __ATTRIBUTE___FORMAT_OK 1
| #define __ATTRIBUTE___FORMAT_OK_FOR_FUNCTION_POINTERS 1
| #define STDC_HEADERS 1
| #define HAVE_SYS_TYPES_H 1
| #define HAVE_SYS_STAT_H 1
| #define HAVE_STDLIB_H 1
| #define HAVE_STRING_H 1
| #define HAVE_MEMORY_H 1
| #define HAVE_STRINGS_H 1
| #define HAVE_INTTYPES_H 1
| #define HAVE_STDINT_H 1
| #define HAVE_UNISTD_H 1
| #define HAVE_FCNTL_H 1
| #define HAVE_RPC_RPC_H 1
| #define HAVE_NETINET_IF_ETHER_H 1
| #define TIME_WITH_SYS_TIME 1
| /* end confdefs.h.  */
| #include <smi.h>
configure:4368: result: no
configure:4368: checking for smi.h
configure:4368: result: no
configure:4378: checking for smiInit in -lsmi
configure:4403: mips-unknown-linux-uclibc-gcc -o conftest -g -O2   conftest.c -lsmi   >&5
/opt/toolchains/crosstools-mips-gcc-4.6-linux-3.4-uclibc-0.9.32-binutils-2.21/usr/lib/gcc/mips-unknown-linux-uclibc/4.6.2/../../../../mips-unknown-linux-uclibc/bin/ld: cannot find -lsmi
collect2: ld returned 1 exit status
configure:4403: $? = 1
configure: failed program was:
| /* confdefs.h */
| #define PACKAGE_NAME ""
| #define PACKAGE_TARNAME ""
| #define PACKAGE_VERSION ""
| #define PACKAGE_STRING ""
| #define PACKAGE_BUGREPORT ""
| #define PACKAGE_URL ""
| #define inline inline
| #define HAVE___ATTRIBUTE__ 1
| #define __ATTRIBUTE___NORETURN_OK_FOR_FUNCTION_POINTERS 1
| #define __ATTRIBUTE___FORMAT_OK 1
| #define __ATTRIBUTE___FORMAT_OK_FOR_FUNCTION_POINTERS 1
| #define STDC_HEADERS 1
| #define HAVE_SYS_TYPES_H 1
| #define HAVE_SYS_STAT_H 1
| #define HAVE_STDLIB_H 1
| #define HAVE_STRING_H 1
| #define HAVE_MEMORY_H 1
| #define HAVE_STRINGS_H 1
| #define HAVE_INTTYPES_H 1
| #define HAVE_STDINT_H 1
| #define HAVE_UNISTD_H 1
| #define HAVE_FCNTL_H 1
| #define HAVE_RPC_RPC_H 1
| #define HAVE_NETINET_IF_ETHER_H 1
| #define TIME_WITH_SYS_TIME 1
| /* end confdefs.h.  */
| 
| /* Override any GCC internal prototype to avoid an error.
|    Use char because int might match the return type of a GCC
|    builtin and then its argument prototype would still apply.  */
| #ifdef __cplusplus
| extern "C"
| #endif
| char smiInit ();
| int
| main ()
| {
| return smiInit ();
|   ;
|   return 0;
| }
configure:4412: result: no
configure:4483: checking whether to enable the possibly-buggy SMB printer
configure:4502: result: no
configure:4513: checking whether to drop root privileges by default
configure:4524: result: no
configure:4534: checking whether to chroot
configure:4545: result: no
configure:4559: checking for library containing gethostbyname
configure:4590: mips-unknown-linux-uclibc-gcc -o conftest -g -O2   conftest.c  >&5
/tmp/cccrVpPQ.o: In function `main':
/home/yangshaokun/work/wifidog-gateway/tcpdump-4.5.1/conftest.c:39: warning: gethostbyname is obsolescent, use getnameinfo() instead.
configure:4590: $? = 0
configure:4607: result: none required
configure:4660: checking for library containing socket
configure:4691: mips-unknown-linux-uclibc-gcc -o conftest -g -O2   conftest.c  >&5
configure:4691: $? = 0
configure:4708: result: none required
configure:4758: checking for library containing putmsg
configure:4789: mips-unknown-linux-uclibc-gcc -o conftest -g -O2   conftest.c  >&5
/tmp/ccWXa5h2.o: In function `main':
/home/yangshaokun/work/wifidog-gateway/tcpdump-4.5.1/conftest.c:39: undefined reference to `putmsg'
/home/yangshaokun/work/wifidog-gateway/tcpdump-4.5.1/conftest.c:39: undefined reference to `putmsg'
collect2: ld returned 1 exit status
configure:4789: $? = 1
configure: failed program was:
| /* confdefs.h */
| #define PACKAGE_NAME ""
| #define PACKAGE_TARNAME ""
| #define PACKAGE_VERSION ""
| #define PACKAGE_STRING ""
| #define PACKAGE_BUGREPORT ""
| #define PACKAGE_URL ""
| #define inline inline
| #define HAVE___ATTRIBUTE__ 1
| #define __ATTRIBUTE___NORETURN_OK_FOR_FUNCTION_POINTERS 1
| #define __ATTRIBUTE___FORMAT_OK 1
| #define __ATTRIBUTE___FORMAT_OK_FOR_FUNCTION_POINTERS 1
| #define STDC_HEADERS 1
| #define HAVE_SYS_TYPES_H 1
| #define HAVE_SYS_STAT_H 1
| #define HAVE_STDLIB_H 1
| #define HAVE_STRING_H 1
| #define HAVE_MEMORY_H 1
| #define HAVE_STRINGS_H 1
| #define HAVE_INTTYPES_H 1
| #define HAVE_STDINT_H 1
| #define HAVE_UNISTD_H 1
| #define HAVE_FCNTL_H 1
| #define HAVE_RPC_RPC_H 1
| #define HAVE_NETINET_IF_ETHER_H 1
| #define TIME_WITH_SYS_TIME 1
| /* end confdefs.h.  */
| 
| /* Override any GCC internal prototype to avoid an error.
|    Use char because int might match the return type of a GCC
|    builtin and then its argument prototype would still apply.  */
| #ifdef __cplusplus
| extern "C"
| #endif
| char putmsg ();
| int
| main ()
| {
| return putmsg ();
|   ;
|   return 0;
| }
configure:4789: mips-unknown-linux-uclibc-gcc -o conftest -g -O2   conftest.c -lstr   >&5
/opt/toolchains/crosstools-mips-gcc-4.6-linux-3.4-uclibc-0.9.32-binutils-2.21/usr/lib/gcc/mips-unknown-linux-uclibc/4.6.2/../../../../mips-unknown-linux-uclibc/bin/ld: cannot find -lstr
collect2: ld returned 1 exit status
configure:4789: $? = 1
configure: failed program was:
| /* confdefs.h */
| #define PACKAGE_NAME ""
| #define PACKAGE_TARNAME ""
| #define PACKAGE_VERSION ""
| #define PACKAGE_STRING ""
| #define PACKAGE_BUGREPORT ""
| #define PACKAGE_URL ""
| #define inline inline
| #define HAVE___ATTRIBUTE__ 1
| #define __ATTRIBUTE___NORETURN_OK_FOR_FUNCTION_POINTERS 1
| #define __ATTRIBUTE___FORMAT_OK 1
| #define __ATTRIBUTE___FORMAT_OK_FOR_FUNCTION_POINTERS 1
| #define STDC_HEADERS 1
| #define HAVE_SYS_TYPES_H 1
| #define HAVE_SYS_STAT_H 1
| #define HAVE_STDLIB_H 1
| #define HAVE_STRING_H 1
| #define HAVE_MEMORY_H 1
| #define HAVE_STRINGS_H 1
| #define HAVE_INTTYPES_H 1
| #define HAVE_STDINT_H 1
| #define HAVE_UNISTD_H 1
| #define HAVE_FCNTL_H 1
| #define HAVE_RPC_RPC_H 1
| #define HAVE_NETINET_IF_ETHER_H 1
| #define TIME_WITH_SYS_TIME 1
| /* end confdefs.h.  */
| 
| /* Override any GCC internal prototype to avoid an error.
|    Use char because int might match the return type of a GCC
|    builtin and then its argument prototype would still apply.  */
| #ifdef __cplusplus
| extern "C"
| #endif
| char putmsg ();
| int
| main ()
| {
| return putmsg ();
|   ;
|   return 0;
| }
configure:4806: result: no
configure:4816: checking whether to enable ipv6
configure:4830: result: no
configure:5254: checking for dnet_htoa declaration in netdnet/dnetdb.h
conftest.c:28:28: fatal error: netdnet/dnetdb.h: No such file or directory
compilation terminated.
configure:5273: result: no
configure:5282: checking for addrinfo
configure:5299: mips-unknown-linux-uclibc-gcc -c -g -O2  conftest.c >&5
configure:5299: $? = 0
configure:5307: result: yes
configure:5324: checking for NI_MAXSERV
configure:5346: result: yes
configure:5358: checking for NI_NAMEREQD
configure:5380: result: yes
configure:5392: checking for sockaddr_storage
configure:5410: mips-unknown-linux-uclibc-gcc -c -g -O2  conftest.c >&5
configure:5410: $? = 0
configure:5418: result: yes
configure:5430: checking for vfprintf
configure:5430: mips-unknown-linux-uclibc-gcc -o conftest -g -O2   conftest.c  >&5
conftest.c:53:6: warning: conflicting types for built-in function 'vfprintf' [enabled by default]
configure:5430: $? = 0
configure:5430: result: yes
configure:5443: checking for strcasecmp
configure:5443: mips-unknown-linux-uclibc-gcc -o conftest -g -O2   conftest.c  >&5
conftest.c:54:6: warning: conflicting types for built-in function 'strcasecmp' [enabled by default]
configure:5443: $? = 0
configure:5443: result: yes
configure:5456: checking for strlcat
configure:5456: mips-unknown-linux-uclibc-gcc -o conftest -g -O2   conftest.c  >&5
configure:5456: $? = 0
configure:5456: result: yes
configure:5469: checking for strlcpy
configure:5469: mips-unknown-linux-uclibc-gcc -o conftest -g -O2   conftest.c  >&5
configure:5469: $? = 0
configure:5469: result: yes
configure:5482: checking for strdup
configure:5482: mips-unknown-linux-uclibc-gcc -o conftest -g -O2   conftest.c  >&5
conftest.c:57:6: warning: conflicting types for built-in function 'strdup' [enabled by default]
configure:5482: $? = 0
configure:5482: result: yes
configure:5495: checking for strsep
configure:5495: mips-unknown-linux-uclibc-gcc -o conftest -g -O2   conftest.c  >&5
configure:5495: $? = 0
configure:5495: result: yes
configure:5512: checking for fork
configure:5512: mips-unknown-linux-uclibc-gcc -o conftest -g -O2   conftest.c  >&5
conftest.c:59:6: warning: conflicting types for built-in function 'fork' [enabled by default]
configure:5512: $? = 0
configure:5512: result: yes
configure:5512: checking for vfork
configure:5512: mips-unknown-linux-uclibc-gcc -o conftest -g -O2   conftest.c  >&5
configure:5512: $? = 0
configure:5512: result: yes
configure:5512: checking for strftime
configure:5512: mips-unknown-linux-uclibc-gcc -o conftest -g -O2   conftest.c  >&5
conftest.c:61:6: warning: conflicting types for built-in function 'strftime' [enabled by default]
configure:5512: $? = 0
configure:5512: result: yes
configure:5524: checking for setlinebuf
configure:5524: mips-unknown-linux-uclibc-gcc -o conftest -g -O2   conftest.c  >&5
configure:5524: $? = 0
configure:5524: result: yes
configure:5524: checking for alarm
configure:5524: mips-unknown-linux-uclibc-gcc -o conftest -g -O2   conftest.c  >&5
configure:5524: $? = 0
configure:5524: result: yes
configure:5538: checking for vsnprintf
configure:5538: mips-unknown-linux-uclibc-gcc -o conftest -g -O2   conftest.c  >&5
conftest.c:64:6: warning: conflicting types for built-in function 'vsnprintf' [enabled by default]
configure:5538: $? = 0
configure:5538: result: yes
configure:5538: checking for snprintf
configure:5538: mips-unknown-linux-uclibc-gcc -o conftest -g -O2   conftest.c  >&5
conftest.c:65:6: warning: conflicting types for built-in function 'snprintf' [enabled by default]
configure:5538: $? = 0
configure:5538: result: yes
configure:5559: checking return type of signal handlers
configure:5577: mips-unknown-linux-uclibc-gcc -c -g -O2  conftest.c >&5
conftest.c: In function 'main':
conftest.c:49:1: error: void value not ignored as it ought to be
configure:5577: $? = 1
configure: failed program was:
| /* confdefs.h */
| #define PACKAGE_NAME ""
| #define PACKAGE_TARNAME ""
| #define PACKAGE_VERSION ""
| #define PACKAGE_STRING ""
| #define PACKAGE_BUGREPORT ""
| #define PACKAGE_URL ""
| #define inline inline
| #define HAVE___ATTRIBUTE__ 1
| #define __ATTRIBUTE___NORETURN_OK_FOR_FUNCTION_POINTERS 1
| #define __ATTRIBUTE___FORMAT_OK 1
| #define __ATTRIBUTE___FORMAT_OK_FOR_FUNCTION_POINTERS 1
| #define STDC_HEADERS 1
| #define HAVE_SYS_TYPES_H 1
| #define HAVE_SYS_STAT_H 1
| #define HAVE_STDLIB_H 1
| #define HAVE_STRING_H 1
| #define HAVE_MEMORY_H 1
| #define HAVE_STRINGS_H 1
| #define HAVE_INTTYPES_H 1
| #define HAVE_STDINT_H 1
| #define HAVE_UNISTD_H 1
| #define HAVE_FCNTL_H 1
| #define HAVE_RPC_RPC_H 1
| #define HAVE_NETINET_IF_ETHER_H 1
| #define TIME_WITH_SYS_TIME 1
| #define HAVE_ADDRINFO 1
| #define HAVE_SOCKADDR_STORAGE 1
| #define HAVE_VFPRINTF 1
| #define HAVE_STRCASECMP 1
| #define HAVE_STRLCAT 1
| #define HAVE_STRLCPY 1
| #define HAVE_STRDUP 1
| #define HAVE_STRSEP 1
| #define HAVE_FORK 1
| #define HAVE_VFORK 1
| #define HAVE_STRFTIME 1
| #define HAVE_SETLINEBUF 1
| #define HAVE_ALARM 1
| #define HAVE_VSNPRINTF 1
| #define HAVE_SNPRINTF 1
| /* end confdefs.h.  */
| #include <sys/types.h>
| #include <signal.h>
| 
| int
| main ()
| {
| return *(signal (0, 0)) (0) == 1;
|   ;
|   return 0;
| }
configure:5584: result: void
configure:5612: checking for sigaction
configure:5612: mips-unknown-linux-uclibc-gcc -o conftest -g -O2   conftest.c  >&5
configure:5612: $? = 0
configure:5612: result: yes
configure:5637: checking for library containing dnet_htoa
configure:5668: mips-unknown-linux-uclibc-gcc -o conftest -g -O2   conftest.c  >&5
/tmp/cccErSpT.o: In function `main':
/home/yangshaokun/work/wifidog-gateway/tcpdump-4.5.1/conftest.c:57: undefined reference to `dnet_htoa'
/home/yangshaokun/work/wifidog-gateway/tcpdump-4.5.1/conftest.c:57: undefined reference to `dnet_htoa'
collect2: ld returned 1 exit status
configure:5668: $? = 1
configure: failed program was:
| /* confdefs.h */
| #define PACKAGE_NAME ""
| #define PACKAGE_TARNAME ""
| #define PACKAGE_VERSION ""
| #define PACKAGE_STRING ""
| #define PACKAGE_BUGREPORT ""
| #define PACKAGE_URL ""
| #define inline inline
| #define HAVE___ATTRIBUTE__ 1
| #define __ATTRIBUTE___NORETURN_OK_FOR_FUNCTION_POINTERS 1
| #define __ATTRIBUTE___FORMAT_OK 1
| #define __ATTRIBUTE___FORMAT_OK_FOR_FUNCTION_POINTERS 1
| #define STDC_HEADERS 1
| #define HAVE_SYS_TYPES_H 1
| #define HAVE_SYS_STAT_H 1
| #define HAVE_STDLIB_H 1
| #define HAVE_STRING_H 1
| #define HAVE_MEMORY_H 1
| #define HAVE_STRINGS_H 1
| #define HAVE_INTTYPES_H 1
| #define HAVE_STDINT_H 1
| #define HAVE_UNISTD_H 1
| #define HAVE_FCNTL_H 1
| #define HAVE_RPC_RPC_H 1
| #define HAVE_NETINET_IF_ETHER_H 1
| #define TIME_WITH_SYS_TIME 1
| #define HAVE_ADDRINFO 1
| #define HAVE_SOCKADDR_STORAGE 1
| #define HAVE_VFPRINTF 1
| #define HAVE_STRCASECMP 1
| #define HAVE_STRLCAT 1
| #define HAVE_STRLCPY 1
| #define HAVE_STRDUP 1
| #define HAVE_STRSEP 1
| #define HAVE_FORK 1
| #define HAVE_VFORK 1
| #define HAVE_STRFTIME 1
| #define HAVE_SETLINEBUF 1
| #define HAVE_ALARM 1
| #define HAVE_VSNPRINTF 1
| #define HAVE_SNPRINTF 1
| #define RETSIGTYPE void
| #define RETSIGVAL /**/
| #define HAVE_SIGACTION 1
| /* end confdefs.h.  */
| 
| /* Override any GCC internal prototype to avoid an error.
|    Use char because int might match the return type of a GCC
|    builtin and then its argument prototype would still apply.  */
| #ifdef __cplusplus
| extern "C"
| #endif
| char dnet_htoa ();
| int
| main ()
| {
| return dnet_htoa ();
|   ;
|   return 0;
| }
configure:5668: mips-unknown-linux-uclibc-gcc -o conftest -g -O2   conftest.c -ldnet   >&5
/opt/toolchains/crosstools-mips-gcc-4.6-linux-3.4-uclibc-0.9.32-binutils-2.21/usr/lib/gcc/mips-unknown-linux-uclibc/4.6.2/../../../../mips-unknown-linux-uclibc/bin/ld: cannot find -ldnet
collect2: ld returned 1 exit status
configure:5668: $? = 1
configure: failed program was:
| /* confdefs.h */
| #define PACKAGE_NAME ""
| #define PACKAGE_TARNAME ""
| #define PACKAGE_VERSION ""
| #define PACKAGE_STRING ""
| #define PACKAGE_BUGREPORT ""
| #define PACKAGE_URL ""
| #define inline inline
| #define HAVE___ATTRIBUTE__ 1
| #define __ATTRIBUTE___NORETURN_OK_FOR_FUNCTION_POINTERS 1
| #define __ATTRIBUTE___FORMAT_OK 1
| #define __ATTRIBUTE___FORMAT_OK_FOR_FUNCTION_POINTERS 1
| #define STDC_HEADERS 1
| #define HAVE_SYS_TYPES_H 1
| #define HAVE_SYS_STAT_H 1
| #define HAVE_STDLIB_H 1
| #define HAVE_STRING_H 1
| #define HAVE_MEMORY_H 1
| #define HAVE_STRINGS_H 1
| #define HAVE_INTTYPES_H 1
| #define HAVE_STDINT_H 1
| #define HAVE_UNISTD_H 1
| #define HAVE_FCNTL_H 1
| #define HAVE_RPC_RPC_H 1
| #define HAVE_NETINET_IF_ETHER_H 1
| #define TIME_WITH_SYS_TIME 1
| #define HAVE_ADDRINFO 1
| #define HAVE_SOCKADDR_STORAGE 1
| #define HAVE_VFPRINTF 1
| #define HAVE_STRCASECMP 1
| #define HAVE_STRLCAT 1
| #define HAVE_STRLCPY 1
| #define HAVE_STRDUP 1
| #define HAVE_STRSEP 1
| #define HAVE_FORK 1
| #define HAVE_VFORK 1
| #define HAVE_STRFTIME 1
| #define HAVE_SETLINEBUF 1
| #define HAVE_ALARM 1
| #define HAVE_VSNPRINTF 1
| #define HAVE_SNPRINTF 1
| #define RETSIGTYPE void
| #define RETSIGVAL /**/
| #define HAVE_SIGACTION 1
| /* end confdefs.h.  */
| 
| /* Override any GCC internal prototype to avoid an error.
|    Use char because int might match the return type of a GCC
|    builtin and then its argument prototype would still apply.  */
| #ifdef __cplusplus
| extern "C"
| #endif
| char dnet_htoa ();
| int
| main ()
| {
| return dnet_htoa ();
|   ;
|   return 0;
| }
configure:5685: result: no
configure:5696: checking for main in -lrpc
configure:5715: mips-unknown-linux-uclibc-gcc -o conftest -g -O2   conftest.c -lrpc   >&5
/opt/toolchains/crosstools-mips-gcc-4.6-linux-3.4-uclibc-0.9.32-binutils-2.21/usr/lib/gcc/mips-unknown-linux-uclibc/4.6.2/../../../../mips-unknown-linux-uclibc/bin/ld: cannot find -lrpc
collect2: ld returned 1 exit status
configure:5715: $? = 1
configure: failed program was:
| /* confdefs.h */
| #define PACKAGE_NAME ""
| #define PACKAGE_TARNAME ""
| #define PACKAGE_VERSION ""
| #define PACKAGE_STRING ""
| #define PACKAGE_BUGREPORT ""
| #define PACKAGE_URL ""
| #define inline inline
| #define HAVE___ATTRIBUTE__ 1
| #define __ATTRIBUTE___NORETURN_OK_FOR_FUNCTION_POINTERS 1
| #define __ATTRIBUTE___FORMAT_OK 1
| #define __ATTRIBUTE___FORMAT_OK_FOR_FUNCTION_POINTERS 1
| #define STDC_HEADERS 1
| #define HAVE_SYS_TYPES_H 1
| #define HAVE_SYS_STAT_H 1
| #define HAVE_STDLIB_H 1
| #define HAVE_STRING_H 1
| #define HAVE_MEMORY_H 1
| #define HAVE_STRINGS_H 1
| #define HAVE_INTTYPES_H 1
| #define HAVE_STDINT_H 1
| #define HAVE_UNISTD_H 1
| #define HAVE_FCNTL_H 1
| #define HAVE_RPC_RPC_H 1
| #define HAVE_NETINET_IF_ETHER_H 1
| #define TIME_WITH_SYS_TIME 1
| #define HAVE_ADDRINFO 1
| #define HAVE_SOCKADDR_STORAGE 1
| #define HAVE_VFPRINTF 1
| #define HAVE_STRCASECMP 1
| #define HAVE_STRLCAT 1
| #define HAVE_STRLCPY 1
| #define HAVE_STRDUP 1
| #define HAVE_STRSEP 1
| #define HAVE_FORK 1
| #define HAVE_VFORK 1
| #define HAVE_STRFTIME 1
| #define HAVE_SETLINEBUF 1
| #define HAVE_ALARM 1
| #define HAVE_VSNPRINTF 1
| #define HAVE_SNPRINTF 1
| #define RETSIGTYPE void
| #define RETSIGVAL /**/
| #define HAVE_SIGACTION 1
| /* end confdefs.h.  */
| 
| 
| int
| main ()
| {
| return main ();
|   ;
|   return 0;
| }
configure:5724: result: no
configure:5735: checking for library containing getrpcbynumber
configure:5766: mips-unknown-linux-uclibc-gcc -o conftest -g -O2   conftest.c  >&5
configure:5766: $? = 0
configure:5783: result: none required
configure:5822: checking for mips-unknown-linux-pcap-config
configure:5855: result: no
configure:5865: checking for pcap-config
configure:5883: found /usr/bin/pcap-config
configure:5895: result: /usr/bin/pcap-config
configure:5907: WARNING: using cross tools not prefixed with host triplet
configure:6064: checking for pcap_loop
configure:6064: mips-unknown-linux-uclibc-gcc -o conftest -g -O2   conftest.c -L/usr/lib/x86_64-linux-gnu  -lpcap  >&5
/opt/toolchains/crosstools-mips-gcc-4.6-linux-3.4-uclibc-0.9.32-binutils-2.21/usr/lib/gcc/mips-unknown-linux-uclibc/4.6.2/../../../../mips-unknown-linux-uclibc/bin/ld: skipping incompatible /usr/lib/x86_64-linux-gnu/libpcap.so when searching for -lpcap
/opt/toolchains/crosstools-mips-gcc-4.6-linux-3.4-uclibc-0.9.32-binutils-2.21/usr/lib/gcc/mips-unknown-linux-uclibc/4.6.2/../../../../mips-unknown-linux-uclibc/bin/ld: skipping incompatible /usr/lib/x86_64-linux-gnu/libpcap.a when searching for -lpcap
/opt/toolchains/crosstools-mips-gcc-4.6-linux-3.4-uclibc-0.9.32-binutils-2.21/usr/lib/gcc/mips-unknown-linux-uclibc/4.6.2/../../../../mips-unknown-linux-uclibc/bin/ld: cannot find -lpcap
/opt/toolchains/crosstools-mips-gcc-4.6-linux-3.4-uclibc-0.9.32-binutils-2.21/usr/lib/gcc/mips-unknown-linux-uclibc/4.6.2/../../../../mips-unknown-linux-uclibc/bin/ld: skipping incompatible /usr/lib/x86_64-linux-gnu/libc.so when searching for -lc
/opt/toolchains/crosstools-mips-gcc-4.6-linux-3.4-uclibc-0.9.32-binutils-2.21/usr/lib/gcc/mips-unknown-linux-uclibc/4.6.2/../../../../mips-unknown-linux-uclibc/bin/ld: skipping incompatible /usr/lib/x86_64-linux-gnu/libc.a when searching for -lc
collect2: ld returned 1 exit status
configure:6064: $? = 1
configure: failed program was:
| /* confdefs.h */
| #define PACKAGE_NAME ""
| #define PACKAGE_TARNAME ""
| #define PACKAGE_VERSION ""
| #define PACKAGE_STRING ""
| #define PACKAGE_BUGREPORT ""
| #define PACKAGE_URL ""
| #define inline inline
| #define HAVE___ATTRIBUTE__ 1
| #define __ATTRIBUTE___NORETURN_OK_FOR_FUNCTION_POINTERS 1
| #define __ATTRIBUTE___FORMAT_OK 1
| #define __ATTRIBUTE___FORMAT_OK_FOR_FUNCTION_POINTERS 1
| #define STDC_HEADERS 1
| #define HAVE_SYS_TYPES_H 1
| #define HAVE_SYS_STAT_H 1
| #define HAVE_STDLIB_H 1
| #define HAVE_STRING_H 1
| #define HAVE_MEMORY_H 1
| #define HAVE_STRINGS_H 1
| #define HAVE_INTTYPES_H 1
| #define HAVE_STDINT_H 1
| #define HAVE_UNISTD_H 1
| #define HAVE_FCNTL_H 1
| #define HAVE_RPC_RPC_H 1
| #define HAVE_NETINET_IF_ETHER_H 1
| #define TIME_WITH_SYS_TIME 1
| #define HAVE_ADDRINFO 1
| #define HAVE_SOCKADDR_STORAGE 1
| #define HAVE_VFPRINTF 1
| #define HAVE_STRCASECMP 1
| #define HAVE_STRLCAT 1
| #define HAVE_STRLCPY 1
| #define HAVE_STRDUP 1
| #define HAVE_STRSEP 1
| #define HAVE_FORK 1
| #define HAVE_VFORK 1
| #define HAVE_STRFTIME 1
| #define HAVE_SETLINEBUF 1
| #define HAVE_ALARM 1
| #define HAVE_VSNPRINTF 1
| #define HAVE_SNPRINTF 1
| #define RETSIGTYPE void
| #define RETSIGVAL /**/
| #define HAVE_SIGACTION 1
| #define HAVE_GETRPCBYNUMBER 1
| /* end confdefs.h.  */
| /* Define pcap_loop to an innocuous variant, in case <limits.h> declares pcap_loop.
|    For example, HP-UX 11i <limits.h> declares gettimeofday.  */
| #define pcap_loop innocuous_pcap_loop
| 
| /* System header to define __stub macros and hopefully few prototypes,
|     which can conflict with char pcap_loop (); below.
|     Prefer <limits.h> to <assert.h> if __STDC__ is defined, since
|     <limits.h> exists even on freestanding compilers.  */
| 
| #ifdef __STDC__
| # include <limits.h>
| #else
| # include <assert.h>
| #endif
| 
| #undef pcap_loop
| 
| /* Override any GCC internal prototype to avoid an error.
|    Use char because int might match the return type of a GCC
|    builtin and then its argument prototype would still apply.  */
| #ifdef __cplusplus
| extern "C"
| #endif
| char pcap_loop ();
| /* The GNU C library defines this for functions which it implements
|     to always fail with ENOSYS.  Some functions are actually named
|     something starting with __ and the normal name is an alias.  */
| #if defined __stub_pcap_loop || defined __stub___pcap_loop
| choke me
| #endif
| 
| int
| main ()
| {
| return pcap_loop ();
|   ;
|   return 0;
| }
configure:6064: result: no
configure:6069: error: Report this to tcpdump-workers@lists.tcpdump.org, and include the
config.log file in your report.  If you have downloaded libpcap from
tcpdump.org, and built it yourself, please also include the config.log
file from the libpcap source directory, the Makefile from the libpcap
source directory, and the output of the make process for libpcap, as
this could be a problem with the libpcap that was built, and we will
not be able to determine why this is happening, and thus will not be
able to fix it, without that information, as we have not been able to
reproduce this problem ourselves.

## ---------------- ##
## Cache variables. ##
## ---------------- ##

ac_cv___attribute__=yes
ac_cv___attribute___format=yes
ac_cv___attribute___format_function_pointer=yes
ac_cv___attribute___noreturn_function_pointer=yes
ac_cv___attribute___unused=yes
ac_cv_addrinfo=yes
ac_cv_build=x86_64-pc-linux-gnu
ac_cv_c_compiler_gnu=yes
ac_cv_env_CC_set=set
ac_cv_env_CC_value=mips-unknown-linux-uclibc-gcc
ac_cv_env_CFLAGS_set=
ac_cv_env_CFLAGS_value=
ac_cv_env_CPPFLAGS_set=
ac_cv_env_CPPFLAGS_value=
ac_cv_env_CPP_set=
ac_cv_env_CPP_value=
ac_cv_env_LDFLAGS_set=
ac_cv_env_LDFLAGS_value=
ac_cv_env_LIBS_set=
ac_cv_env_LIBS_value=
ac_cv_env_build_alias_set=set
ac_cv_env_build_alias_value=x86_64-linux-gnu
ac_cv_env_host_alias_set=set
ac_cv_env_host_alias_value=mips-unknown-linux
ac_cv_env_target_alias_set=set
ac_cv_env_target_alias_value=mips-unknown-linux
ac_cv_func_alarm=yes
ac_cv_func_fork=yes
ac_cv_func_pcap_loop=no
ac_cv_func_setlinebuf=yes
ac_cv_func_sigaction=yes
ac_cv_func_snprintf=yes
ac_cv_func_strcasecmp=yes
ac_cv_func_strdup=yes
ac_cv_func_strftime=yes
ac_cv_func_strlcat=yes
ac_cv_func_strlcpy=yes
ac_cv_func_strsep=yes
ac_cv_func_vfork=yes
ac_cv_func_vfprintf=yes
ac_cv_func_vsnprintf=yes
ac_cv_header_fcntl_h=yes
ac_cv_header_inttypes_h=yes
ac_cv_header_memory_h=yes
ac_cv_header_net_pfvar_h=no
ac_cv_header_netdnet_dnetdb_h=no
ac_cv_header_netinet_if_ether_h=yes
ac_cv_header_rpc_rpc_h=yes
ac_cv_header_rpc_rpcent_h=no
ac_cv_header_smi_h=no
ac_cv_header_stdc=yes
ac_cv_header_stdint_h=yes
ac_cv_header_stdlib_h=yes
ac_cv_header_string_h=yes
ac_cv_header_strings_h=yes
ac_cv_header_sys_stat_h=yes
ac_cv_header_sys_types_h=yes
ac_cv_header_time=yes
ac_cv_header_unistd_h=yes
ac_cv_host=mips-unknown-linux-gnu
ac_cv_lbl_inline=inline
ac_cv_lib_rpc_main=no
ac_cv_lib_smi_smiInit=no
ac_cv_linux_vers=unknown
ac_cv_maxserv=yes
ac_cv_namereqd=yes
ac_cv_objext=o
ac_cv_path_EGREP='/bin/grep -E'
ac_cv_path_GREP=/bin/grep
ac_cv_path_ac_pt_PCAP_CONFIG=/usr/bin/pcap-config
ac_cv_prog_CC=mips-unknown-linux-uclibc-gcc
ac_cv_prog_CPP='mips-unknown-linux-uclibc-gcc -E'
ac_cv_prog_cc_c89=
ac_cv_prog_cc_g=yes
ac_cv_sa_storage=yes
ac_cv_search_dnet_htoa=no
ac_cv_search_gethostbyname='none required'
ac_cv_search_getrpcbynumber='none required'
ac_cv_search_putmsg=no
ac_cv_search_socket='none required'
ac_cv_type_signal=void
td_cv_decl_netdnet_dnetdb_h_dnet_htoa=no

## ----------------- ##
## Output variables. ##
## ----------------- ##

CC='mips-unknown-linux-uclibc-gcc'
CFLAGS='-g -O2'
CPP='mips-unknown-linux-uclibc-gcc -E'
CPPFLAGS=''
DEFS=''
DEPENDENCY_CFLAG=''
ECHO_C=''
ECHO_N='-n'
ECHO_T=''
EGREP='/bin/grep -E'
EXEEXT=''
GREP='/bin/grep'
INSTALL_DATA=''
INSTALL_PROGRAM=''
INSTALL_SCRIPT=''
LDFLAGS=''
LIBOBJS=''
LIBS='-L/usr/lib/x86_64-linux-gnu  -lpcap '
LOCALSRC=''
LTLIBOBJS=''
MAN_FILE_FORMATS=''
MAN_MISC_INFO=''
MKDEP=''
OBJEXT='o'
PACKAGE_BUGREPORT=''
PACKAGE_NAME=''
PACKAGE_STRING=''
PACKAGE_TARNAME=''
PACKAGE_URL=''
PACKAGE_VERSION=''
PATH_SEPARATOR=':'
PCAP_CONFIG='/usr/bin/pcap-config'
RANLIB=''
SHELL='/bin/sh'
SHLICC2=''
V_CCOPT=' -ffloat-store'
V_DEFS=' -D_U_="__attribute__((unused))"'
V_GROUP=''
V_INCLS='-I/usr/include '
V_PCAPDEP=''
ac_ct_CC=''
bindir='${exec_prefix}/bin'
build='x86_64-pc-linux-gnu'
build_alias='x86_64-linux-gnu'
build_cpu='x86_64'
build_os='linux-gnu'
build_vendor='pc'
datadir='${datarootdir}'
datarootdir='${prefix}/share'
docdir='${datarootdir}/doc/${PACKAGE}'
dvidir='${docdir}'
exec_prefix='NONE'
host='mips-unknown-linux-gnu'
host_alias='mips-unknown-linux'
host_cpu='mips'
host_os='linux-gnu'
host_vendor='unknown'
htmldir='${docdir}'
includedir='${prefix}/include'
infodir='${datarootdir}/info'
libdir='${exec_prefix}/lib'
libexecdir='${exec_prefix}/libexec'
localedir='${datarootdir}/locale'
localstatedir='${prefix}/var'
mandir='${datarootdir}/man'
oldincludedir='/usr/include'
pdfdir='${docdir}'
prefix='NONE'
program_transform_name='s,x,x,'
psdir='${docdir}'
sbindir='${exec_prefix}/sbin'
sharedstatedir='${prefix}/com'
sysconfdir='${prefix}/etc'
target_alias='mips-unknown-linux'

## ----------- ##
## confdefs.h. ##
## ----------- ##

/* confdefs.h */
#define PACKAGE_NAME ""
#define PACKAGE_TARNAME ""
#define PACKAGE_VERSION ""
#define PACKAGE_STRING ""
#define PACKAGE_BUGREPORT ""
#define PACKAGE_URL ""
#define inline inline
#define HAVE___ATTRIBUTE__ 1
#define __ATTRIBUTE___NORETURN_OK_FOR_FUNCTION_POINTERS 1
#define __ATTRIBUTE___FORMAT_OK 1
#define __ATTRIBUTE___FORMAT_OK_FOR_FUNCTION_POINTERS 1
#define STDC_HEADERS 1
#define HAVE_SYS_TYPES_H 1
#define HAVE_SYS_STAT_H 1
#define HAVE_STDLIB_H 1
#define HAVE_STRING_H 1
#define HAVE_MEMORY_H 1
#define HAVE_STRINGS_H 1
#define HAVE_INTTYPES_H 1
#define HAVE_STDINT_H 1
#define HAVE_UNISTD_H 1
#define HAVE_FCNTL_H 1
#define HAVE_RPC_RPC_H 1
#define HAVE_NETINET_IF_ETHER_H 1
#define TIME_WITH_SYS_TIME 1
#define HAVE_ADDRINFO 1
#define HAVE_SOCKADDR_STORAGE 1
#define HAVE_VFPRINTF 1
#define HAVE_STRCASECMP 1
#define HAVE_STRLCAT 1
#define HAVE_STRLCPY 1
#define HAVE_STRDUP 1
#define HAVE_STRSEP 1
#define HAVE_FORK 1
#define HAVE_VFORK 1
#define HAVE_STRFTIME 1
#define HAVE_SETLINEBUF 1
#define HAVE_ALARM 1
#define HAVE_VSNPRINTF 1
#define HAVE_SNPRINTF 1
#define RETSIGTYPE void
#define RETSIGVAL /**/
#define HAVE_SIGACTION 1
#define HAVE_GETRPCBYNUMBER 1

configure: exit 1
